MT5 Path Exists? True

MT5 ACCOUNT CONNECTED! 
ACCOUNT: 52474875 
BALANCE: $102297.82

[INFO] XAUUSD Lot Range: min=0.01, max=100.0, step=0.01
{'custom': False, 'chart_mode': 0, 'select': True, 'visible': True, 'session_deals': 0, 'session_buy_orders': 0, 'session_sell_orders': 0, 'volume': 0, 'volumehigh': 0, 'volumelow': 0, 'time': 1757427740, 'digits': 2, 'spread': 5, 'spread_float': True, 'ticks_bookdepth': 10, 'trade_calc_mode': 0, 'trade_mode': 4, 'start_time': 0, 'expiration_time': 0, 'trade_stops_level': 0, 'trade_freeze_level': 0, 'trade_exemode': 2, 'swap_mode': 1, 'swap_rollover3days': 3, 'margin_hedged_use_leg': False, 'expiration_mode': 15, 'filling_mode': 2, 'order_mode': 127, 'order_gtc_mode': 0, 'option_mode': 0, 'option_right': 0, 'bid': 3654.13, 'bidhigh': 3659.31, 'bidlow': 3628.18, 'ask': 3654.18, 'askhigh': 3659.37, 'asklow': 3628.3, 'last': 0.0, 'lasthigh': 0.0, 'lastlow': 0.0, 'volume_real': 0.0, 'volumehigh_real': 0.0, 'volumelow_real': 0.0, 'option_strike': 0.0, 'point': 0.01, 'trade_tick_value': 1.0, 'trade_tick_value_profit': 1.0, 'trade_tick_value_loss': 1.0, 'trade_tick_size': 0.01, 'trade_contract_size': 100.0, 'trade_accrued_interest': 0.0, 'trade_face_value': 0.0, 'trade_liquidity_rate': 0.0, 'volume_min': 0.01, 'volume_max': 100.0, 'volume_step': 0.01, 'volume_limit': 0.0, 'swap_long': -55.7106, 'swap_short': 30.0895, 'margin_initial': 100.0, 'margin_maintenance': 0.0, 'session_volume': 0.0, 'session_turnover': 0.0, 'session_interest': 0.0, 'session_buy_orders_volume': 0.0, 'session_sell_orders_volume': 0.0, 'session_open': 3636.04, 'session_close': 3635.75, 'session_aw': 0.0, 'session_price_settlement': 0.0, 'session_price_limit_min': 0.0, 'session_price_limit_max': 0.0, 'margin_hedged': 100.0, 'price_change': 0.5055, 'price_volatility': 0.0, 'price_theoretical': 0.0, 'price_greeks_delta': 0.0, 'price_greeks_theta': 0.0, 'price_greeks_gamma': 0.0, 'price_greeks_vega': 0.0, 'price_greeks_rho': 0.0, 'price_greeks_omega': 0.0, 'price_sensitivity': 0.0, 'basis': '', 'category': '', 'currency_base': 'XAU', 'currency_profit': 'USD', 'currency_margin': 'XAU', 'bank': '', 'description': 'Gold vs US Dollar', 'exchange': '', 'formula': '', 'isin': '', 'name': 'XAUUSD', 'page': '', 'path': 'Commodities\\Metals\\XAUUSD'}
[INFO] Min stop distance enforced by broker ≈ $0.00

[*] OUTSIDE SESSION. NEXT SESSION: 2025-09-09 13:00:00 BST
[+] SESSION START REACHED. Waiting to enter... 
[+] SESSION HAS STARTED!                         
[+] IN SESSION: 13:00:00–18:00:00 BST

[*] Waiting until next 5-min candle close at 13:00:00 BST ...

[OK] New 5-min candle detected: 2025-09-09 12:55:00
[INFO] Ignoring pre-session bar. Waiting for first post-session-start candle...

[+] IN SESSION: 13:00:00–18:00:00 BST

[*] Waiting until next 5-min candle close at 13:00:00 BST ...
[SKIP] Just-closed candle already fetched. Waiting to the next close for a brand-new timestamp...

[*] Waiting until 13:05:00 BST ...
TIME REMAINING: 00:00

[OK] New 5-min candle detected: 2025-09-09 13:00:00
[OK] Retrieved 499 candles from OANDA.

= = = = =   RAW OANDA CANDLESTICK DATA (LAST 10 CANDLES)   = = = = =
                      open      high       low     close  volume
time                                                            
2025-09-09 12:15  3653.025  3653.960  3653.000  3653.730     603
2025-09-09 12:20  3653.790  3654.295  3651.735  3652.015    1332
2025-09-09 12:25  3652.045  3652.830  3651.400  3652.820    1571
2025-09-09 12:30  3652.835  3653.615  3651.320  3652.175    1399
2025-09-09 12:35  3652.245  3654.240  3652.040  3653.300    2418
2025-09-09 12:40  3653.305  3653.870  3652.525  3653.030    1174
2025-09-09 12:45  3653.050  3653.140  3650.110  3650.535    1803
2025-09-09 12:50  3650.515  3651.455  3649.400  3650.350    1926
2025-09-09 12:55  3650.310  3650.645  3646.875  3648.075    3448
2025-09-09 13:00  3648.095  3651.065  3647.215  3650.900    3486

= = = = =   LAST 10 HEIKIN-ASHI CANDLES WITH SIGNALS  = = = = =
                        ha_c      ha_open      ha_high       ha_low  dir signal
time                                                                           
2025-09-09 10:35  3653.69500  3654.265963  3654.980000  3651.590000    1       
2025-09-09 10:40  3653.96125  3653.980481  3654.475000  3652.965000    1       
2025-09-09 10:45  3653.43000  3653.970866  3654.775000  3652.220000    1       
2025-09-09 10:50  3653.06750  3653.700433  3653.700433  3652.230000    1       
2025-09-09 10:55  3653.77000  3653.383966  3654.660000  3653.020000    1       
2025-09-09 11:00  3654.36000  3653.576983  3655.940000  3653.330000    1       
2025-09-09 11:05  3653.37750  3653.968492  3654.605000  3652.145000    1       
2025-09-09 11:10  3652.99625  3653.672996  3653.860000  3652.090000    1       
2025-09-09 11:15  3653.30000  3653.334623  3654.205000  3652.630000    1       
2025-09-09 11:20  3653.28625  3653.317311  3654.265000  3652.605000    1       
2025-09-09 11:25  3653.39750  3653.301781  3653.880000  3652.970000    1       
2025-09-09 11:30  3652.83000  3653.349640  3653.820000  3652.055000    1       
2025-09-09 11:35  3651.78375  3653.089820  3653.335000  3650.805000   -1   SELL
2025-09-09 11:40  3650.74875  3652.436785  3652.436785  3649.535000   -1       
2025-09-09 11:45  3649.95375  3651.592768  3651.592768  3649.065000   -1       
2025-09-09 11:50  3650.54625  3650.773259  3652.600000  3648.835000   -1       
2025-09-09 11:55  3651.80125  3650.659754  3652.760000  3650.659754   -1       
2025-09-09 12:00  3652.80000  3651.230502  3654.250000  3651.230502   -1       
2025-09-09 12:05  3653.19625  3652.015251  3654.155000  3652.015251   -1       
2025-09-09 12:10  3653.19250  3652.605751  3654.295000  3652.605751   -1       
2025-09-09 12:15  3653.42875  3652.899125  3653.960000  3652.899125   -1       
2025-09-09 12:20  3652.95875  3653.163938  3654.295000  3651.735000   -1       
2025-09-09 12:25  3652.27375  3653.061344  3653.061344  3651.400000   -1       
2025-09-09 12:30  3652.48625  3652.667547  3653.615000  3651.320000   -1       
2025-09-09 12:35  3652.95625  3652.576898  3654.240000  3652.040000   -1       
2025-09-09 12:40  3653.18250  3652.766574  3653.870000  3652.525000   -1       
2025-09-09 12:45  3651.70875  3652.974537  3653.140000  3650.110000   -1       
2025-09-09 12:50  3650.43000  3652.341644  3652.341644  3649.400000   -1       
2025-09-09 12:55  3648.97625  3651.385822  3651.385822  3646.875000   -1       
2025-09-09 13:00  3649.31875  3650.181036  3651.065000  3647.215000   -1       
[INFO] No open position currently.

[+] IN SESSION: 13:00:00–18:00:00 BST

[*] Waiting until next 5-min candle close at 13:05:00 BST ...
[SKIP] Just-closed candle already fetched. Waiting to the next close for a brand-new timestamp...

[*] Waiting until 13:10:00 BST ...
TIME REMAINING: 00:00

[OK] New 5-min candle detected: 2025-09-09 13:05:00
[OK] Retrieved 499 candles from OANDA.

= = = = =   RAW OANDA CANDLESTICK DATA (LAST 10 CANDLES)   = = = = =
                      open      high       low     close  volume
time                                                            
2025-09-09 12:20  3653.790  3654.295  3651.735  3652.015    1332
2025-09-09 12:25  3652.045  3652.830  3651.400  3652.820    1571
2025-09-09 12:30  3652.835  3653.615  3651.320  3652.175    1399
2025-09-09 12:35  3652.245  3654.240  3652.040  3653.300    2418
2025-09-09 12:40  3653.305  3653.870  3652.525  3653.030    1174
2025-09-09 12:45  3653.050  3653.140  3650.110  3650.535    1803
2025-09-09 12:50  3650.515  3651.455  3649.400  3650.350    1926
2025-09-09 12:55  3650.310  3650.645  3646.875  3648.075    3448
2025-09-09 13:00  3648.095  3651.065  3647.215  3650.900    3486
2025-09-09 13:05  3650.910  3654.405  3650.210  3653.370    3597

= = = = =   LAST 10 HEIKIN-ASHI CANDLES WITH SIGNALS  = = = = =
                        ha_c      ha_open      ha_high       ha_low  dir signal
time                                                                           
2025-09-09 10:40  3653.96125  3653.980481  3654.475000  3652.965000    1       
2025-09-09 10:45  3653.43000  3653.970866  3654.775000  3652.220000    1       
2025-09-09 10:50  3653.06750  3653.700433  3653.700433  3652.230000    1       
2025-09-09 10:55  3653.77000  3653.383966  3654.660000  3653.020000    1       
2025-09-09 11:00  3654.36000  3653.576983  3655.940000  3653.330000    1       
2025-09-09 11:05  3653.37750  3653.968492  3654.605000  3652.145000    1       
2025-09-09 11:10  3652.99625  3653.672996  3653.860000  3652.090000    1       
2025-09-09 11:15  3653.30000  3653.334623  3654.205000  3652.630000    1       
2025-09-09 11:20  3653.28625  3653.317311  3654.265000  3652.605000    1       
2025-09-09 11:25  3653.39750  3653.301781  3653.880000  3652.970000    1       
2025-09-09 11:30  3652.83000  3653.349640  3653.820000  3652.055000    1       
2025-09-09 11:35  3651.78375  3653.089820  3653.335000  3650.805000   -1   SELL
2025-09-09 11:40  3650.74875  3652.436785  3652.436785  3649.535000   -1       
2025-09-09 11:45  3649.95375  3651.592768  3651.592768  3649.065000   -1       
2025-09-09 11:50  3650.54625  3650.773259  3652.600000  3648.835000   -1       
2025-09-09 11:55  3651.80125  3650.659754  3652.760000  3650.659754   -1       
2025-09-09 12:00  3652.80000  3651.230502  3654.250000  3651.230502   -1       
2025-09-09 12:05  3653.19625  3652.015251  3654.155000  3652.015251   -1       
2025-09-09 12:10  3653.19250  3652.605751  3654.295000  3652.605751   -1       
2025-09-09 12:15  3653.42875  3652.899125  3653.960000  3652.899125   -1       
2025-09-09 12:20  3652.95875  3653.163938  3654.295000  3651.735000   -1       
2025-09-09 12:25  3652.27375  3653.061344  3653.061344  3651.400000   -1       
2025-09-09 12:30  3652.48625  3652.667547  3653.615000  3651.320000   -1       
2025-09-09 12:35  3652.95625  3652.576898  3654.240000  3652.040000   -1       
2025-09-09 12:40  3653.18250  3652.766574  3653.870000  3652.525000   -1       
2025-09-09 12:45  3651.70875  3652.974537  3653.140000  3650.110000   -1       
2025-09-09 12:50  3650.43000  3652.341644  3652.341644  3649.400000   -1       
2025-09-09 12:55  3648.97625  3651.385822  3651.385822  3646.875000   -1       
2025-09-09 13:00  3649.31875  3650.181036  3651.065000  3647.215000   -1       
2025-09-09 13:05  3652.22375  3649.749893  3654.405000  3649.749893   -1       
[INFO] No open position currently.

[+] IN SESSION: 13:00:00–18:00:00 BST

[*] Waiting until next 5-min candle close at 13:10:00 BST ...
[SKIP] Just-closed candle already fetched. Waiting to the next close for a brand-new timestamp...

[*] Waiting until 13:15:00 BST ...
TIME REMAINING: 00:00

[OK] New 5-min candle detected: 2025-09-09 13:10:00
[OK] Retrieved 499 candles from OANDA.

= = = = =   RAW OANDA CANDLESTICK DATA (LAST 10 CANDLES)   = = = = =
                      open      high       low     close  volume
time                                                            
2025-09-09 12:25  3652.045  3652.830  3651.400  3652.820    1571
2025-09-09 12:30  3652.835  3653.615  3651.320  3652.175    1399
2025-09-09 12:35  3652.245  3654.240  3652.040  3653.300    2418
2025-09-09 12:40  3653.305  3653.870  3652.525  3653.030    1174
2025-09-09 12:45  3653.050  3653.140  3650.110  3650.535    1803
2025-09-09 12:50  3650.515  3651.455  3649.400  3650.350    1926
2025-09-09 12:55  3650.310  3650.645  3646.875  3648.075    3448
2025-09-09 13:00  3648.095  3651.065  3647.215  3650.900    3486
2025-09-09 13:05  3650.910  3654.405  3650.210  3653.370    3597
2025-09-09 13:10  3653.405  3655.590  3652.655  3654.665    2586

= = = = =   LAST 10 HEIKIN-ASHI CANDLES WITH SIGNALS  = = = = =
                        ha_c      ha_open      ha_high       ha_low  dir signal
time                                                                           
2025-09-09 10:45  3653.43000  3653.970866  3654.775000  3652.220000    1       
2025-09-09 10:50  3653.06750  3653.700433  3653.700433  3652.230000    1       
2025-09-09 10:55  3653.77000  3653.383966  3654.660000  3653.020000    1       
2025-09-09 11:00  3654.36000  3653.576983  3655.940000  3653.330000    1       
2025-09-09 11:05  3653.37750  3653.968492  3654.605000  3652.145000    1       
2025-09-09 11:10  3652.99625  3653.672996  3653.860000  3652.090000    1       
2025-09-09 11:15  3653.30000  3653.334623  3654.205000  3652.630000    1       
2025-09-09 11:20  3653.28625  3653.317311  3654.265000  3652.605000    1       
2025-09-09 11:25  3653.39750  3653.301781  3653.880000  3652.970000    1       
2025-09-09 11:30  3652.83000  3653.349640  3653.820000  3652.055000    1       
2025-09-09 11:35  3651.78375  3653.089820  3653.335000  3650.805000   -1   SELL
2025-09-09 11:40  3650.74875  3652.436785  3652.436785  3649.535000   -1       
2025-09-09 11:45  3649.95375  3651.592768  3651.592768  3649.065000   -1       
2025-09-09 11:50  3650.54625  3650.773259  3652.600000  3648.835000   -1       
2025-09-09 11:55  3651.80125  3650.659754  3652.760000  3650.659754   -1       
2025-09-09 12:00  3652.80000  3651.230502  3654.250000  3651.230502   -1       
2025-09-09 12:05  3653.19625  3652.015251  3654.155000  3652.015251   -1       
2025-09-09 12:10  3653.19250  3652.605751  3654.295000  3652.605751   -1       
2025-09-09 12:15  3653.42875  3652.899125  3653.960000  3652.899125   -1       
2025-09-09 12:20  3652.95875  3653.163938  3654.295000  3651.735000   -1       
2025-09-09 12:25  3652.27375  3653.061344  3653.061344  3651.400000   -1       
2025-09-09 12:30  3652.48625  3652.667547  3653.615000  3651.320000   -1       
2025-09-09 12:35  3652.95625  3652.576898  3654.240000  3652.040000   -1       
2025-09-09 12:40  3653.18250  3652.766574  3653.870000  3652.525000   -1       
2025-09-09 12:45  3651.70875  3652.974537  3653.140000  3650.110000   -1       
2025-09-09 12:50  3650.43000  3652.341644  3652.341644  3649.400000   -1       
2025-09-09 12:55  3648.97625  3651.385822  3651.385822  3646.875000   -1       
2025-09-09 13:00  3649.31875  3650.181036  3651.065000  3647.215000   -1       
2025-09-09 13:05  3652.22375  3649.749893  3654.405000  3649.749893   -1       
2025-09-09 13:10  3654.07875  3650.986821  3655.590000  3650.986821    1    BUY
[INFO] OPEN POSITION: BUY, volume: 0.56, entry: 3654.31

[+] IN SESSION: 13:00:00–18:00:00 BST

[*] Waiting until next 5-min candle close at 13:15:00 BST ...
[SKIP] Just-closed candle already fetched. Waiting to the next close for a brand-new timestamp...

[*] Waiting until 13:20:00 BST ...
TIME REMAINING: 00:00

[OK] New 5-min candle detected: 2025-09-09 13:15:00
[OK] Retrieved 499 candles from OANDA.

= = = = =   RAW OANDA CANDLESTICK DATA (LAST 10 CANDLES)   = = = = =
                      open      high       low     close  volume
time                                                            
2025-09-09 12:30  3652.835  3653.615  3651.320  3652.175    1399
2025-09-09 12:35  3652.245  3654.240  3652.040  3653.300    2418
2025-09-09 12:40  3653.305  3653.870  3652.525  3653.030    1174
2025-09-09 12:45  3653.050  3653.140  3650.110  3650.535    1803
2025-09-09 12:50  3650.515  3651.455  3649.400  3650.350    1926
2025-09-09 12:55  3650.310  3650.645  3646.875  3648.075    3448
2025-09-09 13:00  3648.095  3651.065  3647.215  3650.900    3486
2025-09-09 13:05  3650.910  3654.405  3650.210  3653.370    3597
2025-09-09 13:10  3653.405  3655.590  3652.655  3654.665    2586
2025-09-09 13:15  3654.660  3654.660  3651.600  3652.460    2449

= = = = =   LAST 10 HEIKIN-ASHI CANDLES WITH SIGNALS  = = = = =
                        ha_c      ha_open      ha_high       ha_low  dir signal
time                                                                           
2025-09-09 10:50  3653.06750  3653.700433  3653.700433  3652.230000    1       
2025-09-09 10:55  3653.77000  3653.383966  3654.660000  3653.020000    1       
2025-09-09 11:00  3654.36000  3653.576983  3655.940000  3653.330000    1       
2025-09-09 11:05  3653.37750  3653.968492  3654.605000  3652.145000    1       
2025-09-09 11:10  3652.99625  3653.672996  3653.860000  3652.090000    1       
2025-09-09 11:15  3653.30000  3653.334623  3654.205000  3652.630000    1       
2025-09-09 11:20  3653.28625  3653.317311  3654.265000  3652.605000    1       
2025-09-09 11:25  3653.39750  3653.301781  3653.880000  3652.970000    1       
2025-09-09 11:30  3652.83000  3653.349640  3653.820000  3652.055000    1       
2025-09-09 11:35  3651.78375  3653.089820  3653.335000  3650.805000   -1   SELL
2025-09-09 11:40  3650.74875  3652.436785  3652.436785  3649.535000   -1       
2025-09-09 11:45  3649.95375  3651.592768  3651.592768  3649.065000   -1       
2025-09-09 11:50  3650.54625  3650.773259  3652.600000  3648.835000   -1       
2025-09-09 11:55  3651.80125  3650.659754  3652.760000  3650.659754   -1       
2025-09-09 12:00  3652.80000  3651.230502  3654.250000  3651.230502   -1       
2025-09-09 12:05  3653.19625  3652.015251  3654.155000  3652.015251   -1       
2025-09-09 12:10  3653.19250  3652.605751  3654.295000  3652.605751   -1       
2025-09-09 12:15  3653.42875  3652.899125  3653.960000  3652.899125   -1       
2025-09-09 12:20  3652.95875  3653.163938  3654.295000  3651.735000   -1       
2025-09-09 12:25  3652.27375  3653.061344  3653.061344  3651.400000   -1       
2025-09-09 12:30  3652.48625  3652.667547  3653.615000  3651.320000   -1       
2025-09-09 12:35  3652.95625  3652.576898  3654.240000  3652.040000   -1       
2025-09-09 12:40  3653.18250  3652.766574  3653.870000  3652.525000   -1       
2025-09-09 12:45  3651.70875  3652.974537  3653.140000  3650.110000   -1       
2025-09-09 12:50  3650.43000  3652.341644  3652.341644  3649.400000   -1       
2025-09-09 12:55  3648.97625  3651.385822  3651.385822  3646.875000   -1       
2025-09-09 13:00  3649.31875  3650.181036  3651.065000  3647.215000   -1       
2025-09-09 13:05  3652.22375  3649.749893  3654.405000  3649.749893   -1       
2025-09-09 13:10  3654.07875  3650.986821  3655.590000  3650.986821    1    BUY
2025-09-09 13:15  3653.34500  3652.532786  3654.660000  3651.600000    1       
[INFO] OPEN POSITION: BUY, volume: 0.56, entry: 3654.31

[+] IN SESSION: 13:00:00–18:00:00 BST

[*] Waiting until next 5-min candle close at 13:20:00 BST ...
[SKIP] Just-closed candle already fetched. Waiting to the next close for a brand-new timestamp...

[*] Waiting until 13:25:00 BST ...
TIME REMAINING: 00:00

[OK] New 5-min candle detected: 2025-09-09 13:20:00
[OK] Retrieved 499 candles from OANDA.

= = = = =   RAW OANDA CANDLESTICK DATA (LAST 10 CANDLES)   = = = = =
                      open      high       low     close  volume
time                                                            
2025-09-09 12:35  3652.245  3654.240  3652.040  3653.300    2418
2025-09-09 12:40  3653.305  3653.870  3652.525  3653.030    1174
2025-09-09 12:45  3653.050  3653.140  3650.110  3650.535    1803
2025-09-09 12:50  3650.515  3651.455  3649.400  3650.350    1926
2025-09-09 12:55  3650.310  3650.645  3646.875  3648.075    3448
2025-09-09 13:00  3648.095  3651.065  3647.215  3650.900    3486
2025-09-09 13:05  3650.910  3654.405  3650.210  3653.370    3597
2025-09-09 13:10  3653.405  3655.590  3652.655  3654.665    2586
2025-09-09 13:15  3654.660  3654.660  3651.600  3652.460    2449
2025-09-09 13:20  3652.470  3653.840  3648.985  3649.650    4523

= = = = =   LAST 10 HEIKIN-ASHI CANDLES WITH SIGNALS  = = = = =
                        ha_c      ha_open      ha_high       ha_low  dir signal
time                                                                           
2025-09-09 10:55  3653.77000  3653.383966  3654.660000  3653.020000    1       
2025-09-09 11:00  3654.36000  3653.576983  3655.940000  3653.330000    1       
2025-09-09 11:05  3653.37750  3653.968492  3654.605000  3652.145000    1       
2025-09-09 11:10  3652.99625  3653.672996  3653.860000  3652.090000    1       
2025-09-09 11:15  3653.30000  3653.334623  3654.205000  3652.630000    1       
2025-09-09 11:20  3653.28625  3653.317311  3654.265000  3652.605000    1       
2025-09-09 11:25  3653.39750  3653.301781  3653.880000  3652.970000    1       
2025-09-09 11:30  3652.83000  3653.349640  3653.820000  3652.055000    1       
2025-09-09 11:35  3651.78375  3653.089820  3653.335000  3650.805000   -1   SELL
2025-09-09 11:40  3650.74875  3652.436785  3652.436785  3649.535000   -1       
2025-09-09 11:45  3649.95375  3651.592768  3651.592768  3649.065000   -1       
2025-09-09 11:50  3650.54625  3650.773259  3652.600000  3648.835000   -1       
2025-09-09 11:55  3651.80125  3650.659754  3652.760000  3650.659754   -1       
2025-09-09 12:00  3652.80000  3651.230502  3654.250000  3651.230502   -1       
2025-09-09 12:05  3653.19625  3652.015251  3654.155000  3652.015251   -1       
2025-09-09 12:10  3653.19250  3652.605751  3654.295000  3652.605751   -1       
2025-09-09 12:15  3653.42875  3652.899125  3653.960000  3652.899125   -1       
2025-09-09 12:20  3652.95875  3653.163938  3654.295000  3651.735000   -1       
2025-09-09 12:25  3652.27375  3653.061344  3653.061344  3651.400000   -1       
2025-09-09 12:30  3652.48625  3652.667547  3653.615000  3651.320000   -1       
2025-09-09 12:35  3652.95625  3652.576898  3654.240000  3652.040000   -1       
2025-09-09 12:40  3653.18250  3652.766574  3653.870000  3652.525000   -1       
2025-09-09 12:45  3651.70875  3652.974537  3653.140000  3650.110000   -1       
2025-09-09 12:50  3650.43000  3652.341644  3652.341644  3649.400000   -1       
2025-09-09 12:55  3648.97625  3651.385822  3651.385822  3646.875000   -1       
2025-09-09 13:00  3649.31875  3650.181036  3651.065000  3647.215000   -1       
2025-09-09 13:05  3652.22375  3649.749893  3654.405000  3649.749893   -1       
2025-09-09 13:10  3654.07875  3650.986821  3655.590000  3650.986821    1    BUY
2025-09-09 13:15  3653.34500  3652.532786  3654.660000  3651.600000    1       
2025-09-09 13:20  3651.23625  3652.938893  3653.840000  3648.985000    1       
[INFO] No open position currently.

[+] IN SESSION: 13:00:00–18:00:00 BST

[*] Waiting until next 5-min candle close at 13:25:00 BST ...
[SKIP] Just-closed candle already fetched. Waiting to the next close for a brand-new timestamp...

[*] Waiting until 13:30:00 BST ...
TIME REMAINING: 00:00

[OK] New 5-min candle detected: 2025-09-09 13:25:00
[OK] Retrieved 499 candles from OANDA.

= = = = =   RAW OANDA CANDLESTICK DATA (LAST 10 CANDLES)   = = = = =
                      open      high       low     close  volume
time                                                            
2025-09-09 12:40  3653.305  3653.870  3652.525  3653.030    1174
2025-09-09 12:45  3653.050  3653.140  3650.110  3650.535    1803
2025-09-09 12:50  3650.515  3651.455  3649.400  3650.350    1926
2025-09-09 12:55  3650.310  3650.645  3646.875  3648.075    3448
2025-09-09 13:00  3648.095  3651.065  3647.215  3650.900    3486
2025-09-09 13:05  3650.910  3654.405  3650.210  3653.370    3597
2025-09-09 13:10  3653.405  3655.590  3652.655  3654.665    2586
2025-09-09 13:15  3654.660  3654.660  3651.600  3652.460    2449
2025-09-09 13:20  3652.470  3653.840  3648.985  3649.650    4523
2025-09-09 13:25  3649.760  3650.270  3648.070  3649.355    4851

= = = = =   LAST 10 HEIKIN-ASHI CANDLES WITH SIGNALS  = = = = =
                        ha_c      ha_open      ha_high       ha_low  dir signal
time                                                                           
2025-09-09 11:00  3654.36000  3653.576983  3655.940000  3653.330000    1       
2025-09-09 11:05  3653.37750  3653.968492  3654.605000  3652.145000    1       
2025-09-09 11:10  3652.99625  3653.672996  3653.860000  3652.090000    1       
2025-09-09 11:15  3653.30000  3653.334623  3654.205000  3652.630000    1       
2025-09-09 11:20  3653.28625  3653.317311  3654.265000  3652.605000    1       
2025-09-09 11:25  3653.39750  3653.301781  3653.880000  3652.970000    1       
2025-09-09 11:30  3652.83000  3653.349640  3653.820000  3652.055000    1       
2025-09-09 11:35  3651.78375  3653.089820  3653.335000  3650.805000   -1   SELL
2025-09-09 11:40  3650.74875  3652.436785  3652.436785  3649.535000   -1       
2025-09-09 11:45  3649.95375  3651.592768  3651.592768  3649.065000   -1       
2025-09-09 11:50  3650.54625  3650.773259  3652.600000  3648.835000   -1       
2025-09-09 11:55  3651.80125  3650.659754  3652.760000  3650.659754   -1       
2025-09-09 12:00  3652.80000  3651.230502  3654.250000  3651.230502   -1       
2025-09-09 12:05  3653.19625  3652.015251  3654.155000  3652.015251   -1       
2025-09-09 12:10  3653.19250  3652.605751  3654.295000  3652.605751   -1       
2025-09-09 12:15  3653.42875  3652.899125  3653.960000  3652.899125   -1       
2025-09-09 12:20  3652.95875  3653.163938  3654.295000  3651.735000   -1       
2025-09-09 12:25  3652.27375  3653.061344  3653.061344  3651.400000   -1       
2025-09-09 12:30  3652.48625  3652.667547  3653.615000  3651.320000   -1       
2025-09-09 12:35  3652.95625  3652.576898  3654.240000  3652.040000   -1       
2025-09-09 12:40  3653.18250  3652.766574  3653.870000  3652.525000   -1       
2025-09-09 12:45  3651.70875  3652.974537  3653.140000  3650.110000   -1       
2025-09-09 12:50  3650.43000  3652.341644  3652.341644  3649.400000   -1       
2025-09-09 12:55  3648.97625  3651.385822  3651.385822  3646.875000   -1       
2025-09-09 13:00  3649.31875  3650.181036  3651.065000  3647.215000   -1       
2025-09-09 13:05  3652.22375  3649.749893  3654.405000  3649.749893   -1       
2025-09-09 13:10  3654.07875  3650.986821  3655.590000  3650.986821    1    BUY
2025-09-09 13:15  3653.34500  3652.532786  3654.660000  3651.600000    1       
2025-09-09 13:20  3651.23625  3652.938893  3653.840000  3648.985000    1       
2025-09-09 13:25  3649.36375  3652.087571  3652.087571  3648.070000    1       
[INFO] No open position currently.

[+] IN SESSION: 13:00:00–18:00:00 BST

[*] Waiting until next 5-min candle close at 13:30:00 BST ...
[SKIP] Just-closed candle already fetched. Waiting to the next close for a brand-new timestamp...

[*] Waiting until 13:35:00 BST ...
TIME REMAINING: 00:00

[OK] New 5-min candle detected: 2025-09-09 13:30:00
[OK] Retrieved 499 candles from OANDA.

= = = = =   RAW OANDA CANDLESTICK DATA (LAST 10 CANDLES)   = = = = =
                      open      high       low     close  volume
time                                                            
2025-09-09 12:45  3653.050  3653.140  3650.110  3650.535    1803
2025-09-09 12:50  3650.515  3651.455  3649.400  3650.350    1926
2025-09-09 12:55  3650.310  3650.645  3646.875  3648.075    3448
2025-09-09 13:00  3648.095  3651.065  3647.215  3650.900    3486
2025-09-09 13:05  3650.910  3654.405  3650.210  3653.370    3597
2025-09-09 13:10  3653.405  3655.590  3652.655  3654.665    2586
2025-09-09 13:15  3654.660  3654.660  3651.600  3652.460    2449
2025-09-09 13:20  3652.470  3653.840  3648.985  3649.650    4523
2025-09-09 13:25  3649.760  3650.270  3648.070  3649.355    4851
2025-09-09 13:30  3649.345  3649.760  3647.045  3648.875    3034

= = = = =   LAST 10 HEIKIN-ASHI CANDLES WITH SIGNALS  = = = = =
                        ha_c      ha_open      ha_high       ha_low  dir signal
time                                                                           
2025-09-09 11:05  3653.37750  3653.968492  3654.605000  3652.145000    1       
2025-09-09 11:10  3652.99625  3653.672996  3653.860000  3652.090000    1       
2025-09-09 11:15  3653.30000  3653.334623  3654.205000  3652.630000    1       
2025-09-09 11:20  3653.28625  3653.317311  3654.265000  3652.605000    1       
2025-09-09 11:25  3653.39750  3653.301781  3653.880000  3652.970000    1       
2025-09-09 11:30  3652.83000  3653.349640  3653.820000  3652.055000    1       
2025-09-09 11:35  3651.78375  3653.089820  3653.335000  3650.805000   -1   SELL
2025-09-09 11:40  3650.74875  3652.436785  3652.436785  3649.535000   -1       
2025-09-09 11:45  3649.95375  3651.592768  3651.592768  3649.065000   -1       
2025-09-09 11:50  3650.54625  3650.773259  3652.600000  3648.835000   -1       
2025-09-09 11:55  3651.80125  3650.659754  3652.760000  3650.659754   -1       
2025-09-09 12:00  3652.80000  3651.230502  3654.250000  3651.230502   -1       
2025-09-09 12:05  3653.19625  3652.015251  3654.155000  3652.015251   -1       
2025-09-09 12:10  3653.19250  3652.605751  3654.295000  3652.605751   -1       
2025-09-09 12:15  3653.42875  3652.899125  3653.960000  3652.899125   -1       
2025-09-09 12:20  3652.95875  3653.163938  3654.295000  3651.735000   -1       
2025-09-09 12:25  3652.27375  3653.061344  3653.061344  3651.400000   -1       
2025-09-09 12:30  3652.48625  3652.667547  3653.615000  3651.320000   -1       
2025-09-09 12:35  3652.95625  3652.576898  3654.240000  3652.040000   -1       
2025-09-09 12:40  3653.18250  3652.766574  3653.870000  3652.525000   -1       
2025-09-09 12:45  3651.70875  3652.974537  3653.140000  3650.110000   -1       
2025-09-09 12:50  3650.43000  3652.341644  3652.341644  3649.400000   -1       
2025-09-09 12:55  3648.97625  3651.385822  3651.385822  3646.875000   -1       
2025-09-09 13:00  3649.31875  3650.181036  3651.065000  3647.215000   -1       
2025-09-09 13:05  3652.22375  3649.749893  3654.405000  3649.749893   -1       
2025-09-09 13:10  3654.07875  3650.986821  3655.590000  3650.986821    1    BUY
2025-09-09 13:15  3653.34500  3652.532786  3654.660000  3651.600000    1       
2025-09-09 13:20  3651.23625  3652.938893  3653.840000  3648.985000    1       
2025-09-09 13:25  3649.36375  3652.087571  3652.087571  3648.070000    1       
2025-09-09 13:30  3648.75625  3650.725661  3650.725661  3647.045000   -1   SELL
[INFO] No open position currently.
[EXEC] SELL signal → sending order (auto-size).
[RISK] Balance risked: $255.10 | SL distance: $4.50 | Lot: 0.56
[OK] ORDER PLACED: ticket=1216817677, price=3648.44, sl=3652.94, lot=0.56

[+] IN SESSION: 13:00:00–18:00:00 BST

[*] Waiting until next 5-min candle close at 13:35:00 BST ...
[SKIP] Just-closed candle already fetched. Waiting to the next close for a brand-new timestamp...

[*] Waiting until 13:40:00 BST ...
TIME REMAINING: 00:00

[OK] New 5-min candle detected: 2025-09-09 13:35:00
[OK] Retrieved 499 candles from OANDA.

= = = = =   RAW OANDA CANDLESTICK DATA (LAST 10 CANDLES)   = = = = =
                      open      high       low     close  volume
time                                                            
2025-09-09 12:50  3650.515  3651.455  3649.400  3650.350    1926
2025-09-09 12:55  3650.310  3650.645  3646.875  3648.075    3448
2025-09-09 13:00  3648.095  3651.065  3647.215  3650.900    3486
2025-09-09 13:05  3650.910  3654.405  3650.210  3653.370    3597
2025-09-09 13:10  3653.405  3655.590  3652.655  3654.665    2586
2025-09-09 13:15  3654.660  3654.660  3651.600  3652.460    2449
2025-09-09 13:20  3652.470  3653.840  3648.985  3649.650    4523
2025-09-09 13:25  3649.760  3650.270  3648.070  3649.355    4851
2025-09-09 13:30  3649.345  3649.760  3647.045  3648.875    3034
2025-09-09 13:35  3648.855  3649.790  3645.320  3645.770    5163

= = = = =   LAST 10 HEIKIN-ASHI CANDLES WITH SIGNALS  = = = = =
                        ha_c      ha_open      ha_high       ha_low  dir signal
time                                                                           
2025-09-09 11:10  3652.99625  3653.672996  3653.860000  3652.090000    1       
2025-09-09 11:15  3653.30000  3653.334623  3654.205000  3652.630000    1       
2025-09-09 11:20  3653.28625  3653.317311  3654.265000  3652.605000    1       
2025-09-09 11:25  3653.39750  3653.301781  3653.880000  3652.970000    1       
2025-09-09 11:30  3652.83000  3653.349640  3653.820000  3652.055000    1       
2025-09-09 11:35  3651.78375  3653.089820  3653.335000  3650.805000   -1   SELL
2025-09-09 11:40  3650.74875  3652.436785  3652.436785  3649.535000   -1       
2025-09-09 11:45  3649.95375  3651.592768  3651.592768  3649.065000   -1       
2025-09-09 11:50  3650.54625  3650.773259  3652.600000  3648.835000   -1       
2025-09-09 11:55  3651.80125  3650.659754  3652.760000  3650.659754   -1       
2025-09-09 12:00  3652.80000  3651.230502  3654.250000  3651.230502   -1       
2025-09-09 12:05  3653.19625  3652.015251  3654.155000  3652.015251   -1       
2025-09-09 12:10  3653.19250  3652.605751  3654.295000  3652.605751   -1       
2025-09-09 12:15  3653.42875  3652.899125  3653.960000  3652.899125   -1       
2025-09-09 12:20  3652.95875  3653.163938  3654.295000  3651.735000   -1       
2025-09-09 12:25  3652.27375  3653.061344  3653.061344  3651.400000   -1       
2025-09-09 12:30  3652.48625  3652.667547  3653.615000  3651.320000   -1       
2025-09-09 12:35  3652.95625  3652.576898  3654.240000  3652.040000   -1       
2025-09-09 12:40  3653.18250  3652.766574  3653.870000  3652.525000   -1       
2025-09-09 12:45  3651.70875  3652.974537  3653.140000  3650.110000   -1       
2025-09-09 12:50  3650.43000  3652.341644  3652.341644  3649.400000   -1       
2025-09-09 12:55  3648.97625  3651.385822  3651.385822  3646.875000   -1       
2025-09-09 13:00  3649.31875  3650.181036  3651.065000  3647.215000   -1       
2025-09-09 13:05  3652.22375  3649.749893  3654.405000  3649.749893   -1       
2025-09-09 13:10  3654.07875  3650.986821  3655.590000  3650.986821    1    BUY
2025-09-09 13:15  3653.34500  3652.532786  3654.660000  3651.600000    1       
2025-09-09 13:20  3651.23625  3652.938893  3653.840000  3648.985000    1       
2025-09-09 13:25  3649.36375  3652.087571  3652.087571  3648.070000    1       
2025-09-09 13:30  3648.75625  3650.725661  3650.725661  3647.045000   -1   SELL
2025-09-09 13:35  3647.43375  3649.740955  3649.790000  3645.320000   -1       
[INFO] OPEN POSITION: SELL, volume: 0.56, entry: 3648.44

[+] IN SESSION: 13:00:00–18:00:00 BST

[*] Waiting until next 5-min candle close at 13:40:00 BST ...
[SKIP] Just-closed candle already fetched. Waiting to the next close for a brand-new timestamp...

[*] Waiting until 13:45:00 BST ...
TIME REMAINING: 00:00

[OK] New 5-min candle detected: 2025-09-09 13:40:00
[OK] Retrieved 499 candles from OANDA.

= = = = =   RAW OANDA CANDLESTICK DATA (LAST 10 CANDLES)   = = = = =
                      open      high       low     close  volume
time                                                            
2025-09-09 12:55  3650.310  3650.645  3646.875  3648.075    3448
2025-09-09 13:00  3648.095  3651.065  3647.215  3650.900    3486
2025-09-09 13:05  3650.910  3654.405  3650.210  3653.370    3597
2025-09-09 13:10  3653.405  3655.590  3652.655  3654.665    2586
2025-09-09 13:15  3654.660  3654.660  3651.600  3652.460    2449
2025-09-09 13:20  3652.470  3653.840  3648.985  3649.650    4523
2025-09-09 13:25  3649.760  3650.270  3648.070  3649.355    4851
2025-09-09 13:30  3649.345  3649.760  3647.045  3648.875    3034
2025-09-09 13:35  3648.855  3649.790  3645.320  3645.770    5163
2025-09-09 13:40  3645.780  3647.955  3643.775  3646.810    4592

= = = = =   LAST 10 HEIKIN-ASHI CANDLES WITH SIGNALS  = = = = =
                        ha_c      ha_open      ha_high       ha_low  dir signal
time                                                                           
2025-09-09 11:15  3653.30000  3653.334623  3654.205000  3652.630000    1       
2025-09-09 11:20  3653.28625  3653.317311  3654.265000  3652.605000    1       
2025-09-09 11:25  3653.39750  3653.301781  3653.880000  3652.970000    1       
2025-09-09 11:30  3652.83000  3653.349640  3653.820000  3652.055000    1       
2025-09-09 11:35  3651.78375  3653.089820  3653.335000  3650.805000   -1   SELL
2025-09-09 11:40  3650.74875  3652.436785  3652.436785  3649.535000   -1       
2025-09-09 11:45  3649.95375  3651.592768  3651.592768  3649.065000   -1       
2025-09-09 11:50  3650.54625  3650.773259  3652.600000  3648.835000   -1       
2025-09-09 11:55  3651.80125  3650.659754  3652.760000  3650.659754   -1       
2025-09-09 12:00  3652.80000  3651.230502  3654.250000  3651.230502   -1       
2025-09-09 12:05  3653.19625  3652.015251  3654.155000  3652.015251   -1       
2025-09-09 12:10  3653.19250  3652.605751  3654.295000  3652.605751   -1       
2025-09-09 12:15  3653.42875  3652.899125  3653.960000  3652.899125   -1       
2025-09-09 12:20  3652.95875  3653.163938  3654.295000  3651.735000   -1       
2025-09-09 12:25  3652.27375  3653.061344  3653.061344  3651.400000   -1       
2025-09-09 12:30  3652.48625  3652.667547  3653.615000  3651.320000   -1       
2025-09-09 12:35  3652.95625  3652.576898  3654.240000  3652.040000   -1       
2025-09-09 12:40  3653.18250  3652.766574  3653.870000  3652.525000   -1       
2025-09-09 12:45  3651.70875  3652.974537  3653.140000  3650.110000   -1       
2025-09-09 12:50  3650.43000  3652.341644  3652.341644  3649.400000   -1       
2025-09-09 12:55  3648.97625  3651.385822  3651.385822  3646.875000   -1       
2025-09-09 13:00  3649.31875  3650.181036  3651.065000  3647.215000   -1       
2025-09-09 13:05  3652.22375  3649.749893  3654.405000  3649.749893   -1       
2025-09-09 13:10  3654.07875  3650.986821  3655.590000  3650.986821    1    BUY
2025-09-09 13:15  3653.34500  3652.532786  3654.660000  3651.600000    1       
2025-09-09 13:20  3651.23625  3652.938893  3653.840000  3648.985000    1       
2025-09-09 13:25  3649.36375  3652.087571  3652.087571  3648.070000    1       
2025-09-09 13:30  3648.75625  3650.725661  3650.725661  3647.045000   -1   SELL
2025-09-09 13:35  3647.43375  3649.740955  3649.790000  3645.320000   -1       
2025-09-09 13:40  3646.08000  3648.587353  3648.587353  3643.775000   -1       
[INFO] OPEN POSITION: SELL, volume: 0.56, entry: 3648.44

[+] IN SESSION: 13:00:00–18:00:00 BST

[*] Waiting until next 5-min candle close at 13:45:00 BST ...
[SKIP] Just-closed candle already fetched. Waiting to the next close for a brand-new timestamp...

[*] Waiting until 13:50:00 BST ...
TIME REMAINING: 00:00

[OK] New 5-min candle detected: 2025-09-09 13:45:00
[OK] Retrieved 499 candles from OANDA.

= = = = =   RAW OANDA CANDLESTICK DATA (LAST 10 CANDLES)   = = = = =
                      open      high       low     close  volume
time                                                            
2025-09-09 13:00  3648.095  3651.065  3647.215  3650.900    3486
2025-09-09 13:05  3650.910  3654.405  3650.210  3653.370    3597
2025-09-09 13:10  3653.405  3655.590  3652.655  3654.665    2586
2025-09-09 13:15  3654.660  3654.660  3651.600  3652.460    2449
2025-09-09 13:20  3652.470  3653.840  3648.985  3649.650    4523
2025-09-09 13:25  3649.760  3650.270  3648.070  3649.355    4851
2025-09-09 13:30  3649.345  3649.760  3647.045  3648.875    3034
2025-09-09 13:35  3648.855  3649.790  3645.320  3645.770    5163
2025-09-09 13:40  3645.780  3647.955  3643.775  3646.810    4592
2025-09-09 13:45  3646.795  3647.415  3644.290  3645.870    3357

= = = = =   LAST 10 HEIKIN-ASHI CANDLES WITH SIGNALS  = = = = =
                        ha_c      ha_open      ha_high       ha_low  dir signal
time                                                                           
2025-09-09 11:20  3653.28625  3653.317311  3654.265000  3652.605000    1       
2025-09-09 11:25  3653.39750  3653.301781  3653.880000  3652.970000    1       
2025-09-09 11:30  3652.83000  3653.349640  3653.820000  3652.055000    1       
2025-09-09 11:35  3651.78375  3653.089820  3653.335000  3650.805000   -1   SELL
2025-09-09 11:40  3650.74875  3652.436785  3652.436785  3649.535000   -1       
2025-09-09 11:45  3649.95375  3651.592768  3651.592768  3649.065000   -1       
2025-09-09 11:50  3650.54625  3650.773259  3652.600000  3648.835000   -1       
2025-09-09 11:55  3651.80125  3650.659754  3652.760000  3650.659754   -1       
2025-09-09 12:00  3652.80000  3651.230502  3654.250000  3651.230502   -1       
2025-09-09 12:05  3653.19625  3652.015251  3654.155000  3652.015251   -1       
2025-09-09 12:10  3653.19250  3652.605751  3654.295000  3652.605751   -1       
2025-09-09 12:15  3653.42875  3652.899125  3653.960000  3652.899125   -1       
2025-09-09 12:20  3652.95875  3653.163938  3654.295000  3651.735000   -1       
2025-09-09 12:25  3652.27375  3653.061344  3653.061344  3651.400000   -1       
2025-09-09 12:30  3652.48625  3652.667547  3653.615000  3651.320000   -1       
2025-09-09 12:35  3652.95625  3652.576898  3654.240000  3652.040000   -1       
2025-09-09 12:40  3653.18250  3652.766574  3653.870000  3652.525000   -1       
2025-09-09 12:45  3651.70875  3652.974537  3653.140000  3650.110000   -1       
2025-09-09 12:50  3650.43000  3652.341644  3652.341644  3649.400000   -1       
2025-09-09 12:55  3648.97625  3651.385822  3651.385822  3646.875000   -1       
2025-09-09 13:00  3649.31875  3650.181036  3651.065000  3647.215000   -1       
2025-09-09 13:05  3652.22375  3649.749893  3654.405000  3649.749893   -1       
2025-09-09 13:10  3654.07875  3650.986821  3655.590000  3650.986821    1    BUY
2025-09-09 13:15  3653.34500  3652.532786  3654.660000  3651.600000    1       
2025-09-09 13:20  3651.23625  3652.938893  3653.840000  3648.985000    1       
2025-09-09 13:25  3649.36375  3652.087571  3652.087571  3648.070000    1       
2025-09-09 13:30  3648.75625  3650.725661  3650.725661  3647.045000   -1   SELL
2025-09-09 13:35  3647.43375  3649.740955  3649.790000  3645.320000   -1       
2025-09-09 13:40  3646.08000  3648.587353  3648.587353  3643.775000   -1       
2025-09-09 13:45  3646.09250  3647.333676  3647.415000  3644.290000   -1       
[INFO] OPEN POSITION: SELL, volume: 0.56, entry: 3648.44

[+] IN SESSION: 13:00:00–18:00:00 BST

[*] Waiting until next 5-min candle close at 13:50:00 BST ...
[SKIP] Just-closed candle already fetched. Waiting to the next close for a brand-new timestamp...

[*] Waiting until 13:55:00 BST ...
TIME REMAINING: 00:00

[OK] New 5-min candle detected: 2025-09-09 13:50:00
[OK] Retrieved 499 candles from OANDA.

= = = = =   RAW OANDA CANDLESTICK DATA (LAST 10 CANDLES)   = = = = =
                      open      high       low     close  volume
time                                                            
2025-09-09 13:05  3650.910  3654.405  3650.210  3653.370    3597
2025-09-09 13:10  3653.405  3655.590  3652.655  3654.665    2586
2025-09-09 13:15  3654.660  3654.660  3651.600  3652.460    2449
2025-09-09 13:20  3652.470  3653.840  3648.985  3649.650    4523
2025-09-09 13:25  3649.760  3650.270  3648.070  3649.355    4851
2025-09-09 13:30  3649.345  3649.760  3647.045  3648.875    3034
2025-09-09 13:35  3648.855  3649.790  3645.320  3645.770    5163
2025-09-09 13:40  3645.780  3647.955  3643.775  3646.810    4592
2025-09-09 13:45  3646.795  3647.415  3644.290  3645.870    3357
2025-09-09 13:50  3645.850  3648.455  3645.400  3647.785    3274

= = = = =   LAST 10 HEIKIN-ASHI CANDLES WITH SIGNALS  = = = = =
                        ha_c      ha_open      ha_high       ha_low  dir signal
time                                                                           
2025-09-09 11:25  3653.39750  3653.301781  3653.880000  3652.970000    1       
2025-09-09 11:30  3652.83000  3653.349640  3653.820000  3652.055000    1       
2025-09-09 11:35  3651.78375  3653.089820  3653.335000  3650.805000   -1   SELL
2025-09-09 11:40  3650.74875  3652.436785  3652.436785  3649.535000   -1       
2025-09-09 11:45  3649.95375  3651.592768  3651.592768  3649.065000   -1       
2025-09-09 11:50  3650.54625  3650.773259  3652.600000  3648.835000   -1       
2025-09-09 11:55  3651.80125  3650.659754  3652.760000  3650.659754   -1       
2025-09-09 12:00  3652.80000  3651.230502  3654.250000  3651.230502   -1       
2025-09-09 12:05  3653.19625  3652.015251  3654.155000  3652.015251   -1       
2025-09-09 12:10  3653.19250  3652.605751  3654.295000  3652.605751   -1       
2025-09-09 12:15  3653.42875  3652.899125  3653.960000  3652.899125   -1       
2025-09-09 12:20  3652.95875  3653.163938  3654.295000  3651.735000   -1       
2025-09-09 12:25  3652.27375  3653.061344  3653.061344  3651.400000   -1       
2025-09-09 12:30  3652.48625  3652.667547  3653.615000  3651.320000   -1       
2025-09-09 12:35  3652.95625  3652.576898  3654.240000  3652.040000   -1       
2025-09-09 12:40  3653.18250  3652.766574  3653.870000  3652.525000   -1       
2025-09-09 12:45  3651.70875  3652.974537  3653.140000  3650.110000   -1       
2025-09-09 12:50  3650.43000  3652.341644  3652.341644  3649.400000   -1       
2025-09-09 12:55  3648.97625  3651.385822  3651.385822  3646.875000   -1       
2025-09-09 13:00  3649.31875  3650.181036  3651.065000  3647.215000   -1       
2025-09-09 13:05  3652.22375  3649.749893  3654.405000  3649.749893   -1       
2025-09-09 13:10  3654.07875  3650.986821  3655.590000  3650.986821    1    BUY
2025-09-09 13:15  3653.34500  3652.532786  3654.660000  3651.600000    1       
2025-09-09 13:20  3651.23625  3652.938893  3653.840000  3648.985000    1       
2025-09-09 13:25  3649.36375  3652.087571  3652.087571  3648.070000    1       
2025-09-09 13:30  3648.75625  3650.725661  3650.725661  3647.045000   -1   SELL
2025-09-09 13:35  3647.43375  3649.740955  3649.790000  3645.320000   -1       
2025-09-09 13:40  3646.08000  3648.587353  3648.587353  3643.775000   -1       
2025-09-09 13:45  3646.09250  3647.333676  3647.415000  3644.290000   -1       
2025-09-09 13:50  3646.87250  3646.713088  3648.455000  3645.400000   -1       
[INFO] OPEN POSITION: SELL, volume: 0.56, entry: 3648.44

[+] IN SESSION: 13:00:00–18:00:00 BST

[*] Waiting until next 5-min candle close at 13:55:00 BST ...
[SKIP] Just-closed candle already fetched. Waiting to the next close for a brand-new timestamp...

[*] Waiting until 14:00:00 BST ...
TIME REMAINING: 00:00

[OK] New 5-min candle detected: 2025-09-09 13:55:00
[OK] Retrieved 499 candles from OANDA.

= = = = =   RAW OANDA CANDLESTICK DATA (LAST 10 CANDLES)   = = = = =
                      open      high       low     close  volume
time                                                            
2025-09-09 13:10  3653.405  3655.590  3652.655  3654.665    2586
2025-09-09 13:15  3654.660  3654.660  3651.600  3652.460    2449
2025-09-09 13:20  3652.470  3653.840  3648.985  3649.650    4523
2025-09-09 13:25  3649.760  3650.270  3648.070  3649.355    4851
2025-09-09 13:30  3649.345  3649.760  3647.045  3648.875    3034
2025-09-09 13:35  3648.855  3649.790  3645.320  3645.770    5163
2025-09-09 13:40  3645.780  3647.955  3643.775  3646.810    4592
2025-09-09 13:45  3646.795  3647.415  3644.290  3645.870    3357
2025-09-09 13:50  3645.850  3648.455  3645.400  3647.785    3274
2025-09-09 13:55  3647.665  3649.140  3647.520  3647.610    2173

= = = = =   LAST 10 HEIKIN-ASHI CANDLES WITH SIGNALS  = = = = =
                        ha_c      ha_open      ha_high       ha_low  dir signal
time                                                                           
2025-09-09 11:30  3652.83000  3653.349640  3653.820000  3652.055000    1       
2025-09-09 11:35  3651.78375  3653.089820  3653.335000  3650.805000   -1   SELL
2025-09-09 11:40  3650.74875  3652.436785  3652.436785  3649.535000   -1       
2025-09-09 11:45  3649.95375  3651.592768  3651.592768  3649.065000   -1       
2025-09-09 11:50  3650.54625  3650.773259  3652.600000  3648.835000   -1       
2025-09-09 11:55  3651.80125  3650.659754  3652.760000  3650.659754   -1       
2025-09-09 12:00  3652.80000  3651.230502  3654.250000  3651.230502   -1       
2025-09-09 12:05  3653.19625  3652.015251  3654.155000  3652.015251   -1       
2025-09-09 12:10  3653.19250  3652.605751  3654.295000  3652.605751   -1       
2025-09-09 12:15  3653.42875  3652.899125  3653.960000  3652.899125   -1       
2025-09-09 12:20  3652.95875  3653.163938  3654.295000  3651.735000   -1       
2025-09-09 12:25  3652.27375  3653.061344  3653.061344  3651.400000   -1       
2025-09-09 12:30  3652.48625  3652.667547  3653.615000  3651.320000   -1       
2025-09-09 12:35  3652.95625  3652.576898  3654.240000  3652.040000   -1       
2025-09-09 12:40  3653.18250  3652.766574  3653.870000  3652.525000   -1       
2025-09-09 12:45  3651.70875  3652.974537  3653.140000  3650.110000   -1       
2025-09-09 12:50  3650.43000  3652.341644  3652.341644  3649.400000   -1       
2025-09-09 12:55  3648.97625  3651.385822  3651.385822  3646.875000   -1       
2025-09-09 13:00  3649.31875  3650.181036  3651.065000  3647.215000   -1       
2025-09-09 13:05  3652.22375  3649.749893  3654.405000  3649.749893   -1       
2025-09-09 13:10  3654.07875  3650.986821  3655.590000  3650.986821    1    BUY
2025-09-09 13:15  3653.34500  3652.532786  3654.660000  3651.600000    1       
2025-09-09 13:20  3651.23625  3652.938893  3653.840000  3648.985000    1       
2025-09-09 13:25  3649.36375  3652.087571  3652.087571  3648.070000    1       
2025-09-09 13:30  3648.75625  3650.725661  3650.725661  3647.045000   -1   SELL
2025-09-09 13:35  3647.43375  3649.740955  3649.790000  3645.320000   -1       
2025-09-09 13:40  3646.08000  3648.587353  3648.587353  3643.775000   -1       
2025-09-09 13:45  3646.09250  3647.333676  3647.415000  3644.290000   -1       
2025-09-09 13:50  3646.87250  3646.713088  3648.455000  3645.400000   -1       
2025-09-09 13:55  3647.98375  3646.792794  3649.140000  3646.792794   -1       
[INFO] OPEN POSITION: SELL, volume: 0.56, entry: 3648.44

[+] IN SESSION: 13:00:00–18:00:00 BST

[*] Waiting until next 5-min candle close at 14:00:00 BST ...
[SKIP] Just-closed candle already fetched. Waiting to the next close for a brand-new timestamp...

[*] Waiting until 14:05:00 BST ...
TIME REMAINING: 00:00

[OK] New 5-min candle detected: 2025-09-09 14:00:00
[OK] Retrieved 499 candles from OANDA.

= = = = =   RAW OANDA CANDLESTICK DATA (LAST 10 CANDLES)   = = = = =
                      open      high       low     close  volume
time                                                            
2025-09-09 13:15  3654.660  3654.660  3651.600  3652.460    2449
2025-09-09 13:20  3652.470  3653.840  3648.985  3649.650    4523
2025-09-09 13:25  3649.760  3650.270  3648.070  3649.355    4851
2025-09-09 13:30  3649.345  3649.760  3647.045  3648.875    3034
2025-09-09 13:35  3648.855  3649.790  3645.320  3645.770    5163
2025-09-09 13:40  3645.780  3647.955  3643.775  3646.810    4592
2025-09-09 13:45  3646.795  3647.415  3644.290  3645.870    3357
2025-09-09 13:50  3645.850  3648.455  3645.400  3647.785    3274
2025-09-09 13:55  3647.665  3649.140  3647.520  3647.610    2173
2025-09-09 14:00  3647.615  3653.295  3646.535  3652.965    5164

= = = = =   LAST 10 HEIKIN-ASHI CANDLES WITH SIGNALS  = = = = =
                        ha_c      ha_open      ha_high       ha_low  dir signal
time                                                                           
2025-09-09 11:35  3651.78375  3653.089820  3653.335000  3650.805000   -1   SELL
2025-09-09 11:40  3650.74875  3652.436785  3652.436785  3649.535000   -1       
2025-09-09 11:45  3649.95375  3651.592768  3651.592768  3649.065000   -1       
2025-09-09 11:50  3650.54625  3650.773259  3652.600000  3648.835000   -1       
2025-09-09 11:55  3651.80125  3650.659754  3652.760000  3650.659754   -1       
2025-09-09 12:00  3652.80000  3651.230502  3654.250000  3651.230502   -1       
2025-09-09 12:05  3653.19625  3652.015251  3654.155000  3652.015251   -1       
2025-09-09 12:10  3653.19250  3652.605751  3654.295000  3652.605751   -1       
2025-09-09 12:15  3653.42875  3652.899125  3653.960000  3652.899125   -1       
2025-09-09 12:20  3652.95875  3653.163938  3654.295000  3651.735000   -1       
2025-09-09 12:25  3652.27375  3653.061344  3653.061344  3651.400000   -1       
2025-09-09 12:30  3652.48625  3652.667547  3653.615000  3651.320000   -1       
2025-09-09 12:35  3652.95625  3652.576898  3654.240000  3652.040000   -1       
2025-09-09 12:40  3653.18250  3652.766574  3653.870000  3652.525000   -1       
2025-09-09 12:45  3651.70875  3652.974537  3653.140000  3650.110000   -1       
2025-09-09 12:50  3650.43000  3652.341644  3652.341644  3649.400000   -1       
2025-09-09 12:55  3648.97625  3651.385822  3651.385822  3646.875000   -1       
2025-09-09 13:00  3649.31875  3650.181036  3651.065000  3647.215000   -1       
2025-09-09 13:05  3652.22375  3649.749893  3654.405000  3649.749893   -1       
2025-09-09 13:10  3654.07875  3650.986821  3655.590000  3650.986821    1    BUY
2025-09-09 13:15  3653.34500  3652.532786  3654.660000  3651.600000    1       
2025-09-09 13:20  3651.23625  3652.938893  3653.840000  3648.985000    1       
2025-09-09 13:25  3649.36375  3652.087571  3652.087571  3648.070000    1       
2025-09-09 13:30  3648.75625  3650.725661  3650.725661  3647.045000   -1   SELL
2025-09-09 13:35  3647.43375  3649.740955  3649.790000  3645.320000   -1       
2025-09-09 13:40  3646.08000  3648.587353  3648.587353  3643.775000   -1       
2025-09-09 13:45  3646.09250  3647.333676  3647.415000  3644.290000   -1       
2025-09-09 13:50  3646.87250  3646.713088  3648.455000  3645.400000   -1       
2025-09-09 13:55  3647.98375  3646.792794  3649.140000  3646.792794   -1       
2025-09-09 14:00  3650.10250  3647.388272  3653.295000  3646.535000    1    BUY
[INFO] OPEN POSITION: BUY, volume: 0.56, entry: 3651.7

[+] IN SESSION: 13:00:00–18:00:00 BST

[*] Waiting until next 5-min candle close at 14:05:00 BST ...
[SKIP] Just-closed candle already fetched. Waiting to the next close for a brand-new timestamp...

[*] Waiting until 14:10:00 BST ...
 3655.590000  3650.986821    1    BUY
2025-09-09 13:15  3653.34500  3652.532786  3654.660000  3651.600000    1       
2025-09-09 13:20  3651.23625  3652.938893  3653.840000  3648.985000    1       
2025-09-09 13:25  3649.36375  3652.087571  3652.087571  3648.070000    1       
2025-09-09 13:30  3648.75625  3650.725661  3650.725661  3647.045000   -1   SELL
2025-09-09 13:35  3647.43375  3649.740955  3649.790000  3645.320000   -1       
2025-09-09 13:40  3646.08000  3648.587353  3648.587353  3643.775000   -1       
2025-09-09 13:45  3646.09250  3647.333676  3647.415000  3644.290000   -1       
2025-09-09 13:50  3646.87250  3646.713088  3648.455000  3645.400000   -1       
2025-09-09 13:55  3647.98375  3646.792794  3649.140000  3646.792794   -1       
[INFO] OPEN POSITION: SELL, volume: 0.56, entry: 3648.44

[+] IN SESSION: 13:00:00–18:00:00 BST

[*] Waiting until next 5-min candle close at 14:00:00 BST ...
[SKIP] Just-closed candle already fetched. Waiting to the next close for a brand-new timestamp...

[*] Waiting until 14:05:00 BST ...
TIME REMAINING: 00:00

[OK] New 5-min candle detected: 2025-09-09 14:00:00
[OK] Retrieved 499 candles from OANDA.

= = = = =   RAW OANDA CANDLESTICK DATA (LAST 10 CANDLES)   = = = = =
                      open      high       low     close  volume
time                                                            
2025-09-09 13:15  3654.660  3654.660  3651.600  3652.460    2449
2025-09-09 13:20  3652.470  3653.840  3648.985  3649.650    4523
2025-09-09 13:25  3649.760  3650.270  3648.070  3649.355    4851
2025-09-09 13:30  3649.345  3649.760  3647.045  3648.875    3034
2025-09-09 13:35  3648.855  3649.790  3645.320  3645.770    5163
2025-09-09 13:40  3645.780  3647.955  3643.775  3646.810    4592
2025-09-09 13:45  3646.795  3647.415  3644.290  3645.870    3357
2025-09-09 13:50  3645.850  3648.455  3645.400  3647.785    3274
2025-09-09 13:55  3647.665  3649.140  3647.520  3647.610    2173
2025-09-09 14:00  3647.615  3653.295  3646.535  3652.965    5164

= = = = =   LAST 10 HEIKIN-ASHI CANDLES WITH SIGNALS  = = = = =
                        ha_c      ha_open      ha_high       ha_low  dir signal
time                                                                           
2025-09-09 11:35  3651.78375  3653.089820  3653.335000  3650.805000   -1   SELL
2025-09-09 11:40  3650.74875  3652.436785  3652.436785  3649.535000   -1       
2025-09-09 11:45  3649.95375  3651.592768  3651.592768  3649.065000   -1       
2025-09-09 11:50  3650.54625  3650.773259  3652.600000  3648.835000   -1       
2025-09-09 11:55  3651.80125  3650.659754  3652.760000  3650.659754   -1       
2025-09-09 12:00  3652.80000  3651.230502  3654.250000  3651.230502   -1       
2025-09-09 12:05  3653.19625  3652.015251  3654.155000  3652.015251   -1       
2025-09-09 12:10  3653.19250  3652.605751  3654.295000  3652.605751   -1       
2025-09-09 12:15  3653.42875  3652.899125  3653.960000  3652.899125   -1       
2025-09-09 12:20  3652.95875  3653.163938  3654.295000  3651.735000   -1       
2025-09-09 12:25  3652.27375  3653.061344  3653.061344  3651.400000   -1       
2025-09-09 12:30  3652.48625  3652.667547  3653.615000  3651.320000   -1       
2025-09-09 12:35  3652.95625  3652.576898  3654.240000  3652.040000   -1       
2025-09-09 12:40  3653.18250  3652.766574  3653.870000  3652.525000   -1       
2025-09-09 12:45  3651.70875  3652.974537  3653.140000  3650.110000   -1       
2025-09-09 12:50  3650.43000  3652.341644  3652.341644  3649.400000   -1       
2025-09-09 12:55  3648.97625  3651.385822  3651.385822  3646.875000   -1       
2025-09-09 13:00  3649.31875  3650.181036  3651.065000  3647.215000   -1       
2025-09-09 13:05  3652.22375  3649.749893  3654.405000  3649.749893   -1       
2025-09-09 13:10  3654.07875  3650.986821  3655.590000  3650.986821    1    BUY
2025-09-09 13:15  3653.34500  3652.532786  3654.660000  3651.600000    1       
2025-09-09 13:20  3651.23625  3652.938893  3653.840000  3648.985000    1       
2025-09-09 13:25  3649.36375  3652.087571  3652.087571  3648.070000    1       
2025-09-09 13:30  3648.75625  3650.725661  3650.725661  3647.045000   -1   SELL
2025-09-09 13:35  3647.43375  3649.740955  3649.790000  3645.320000   -1       
2025-09-09 13:40  3646.08000  3648.587353  3648.587353  3643.775000   -1       
2025-09-09 13:45  3646.09250  3647.333676  3647.415000  3644.290000   -1       
2025-09-09 13:50  3646.87250  3646.713088  3648.455000  3645.400000   -1       
2025-09-09 13:55  3647.98375  3646.792794  3649.140000  3646.792794   -1       
2025-09-09 14:00  3650.10250  3647.388272  3653.295000  3646.535000    1    BUY
[INFO] No open position currently.
[EXEC] BUY signal → sending order (auto-size).
[RISK] Balance risked: $254.50 | SL distance: $4.50 | Lot: 0.56
[OK] ORDER PLACED: ticket=1216867910, price=3651.77, sl=3647.27, lot=0.56
[OK] SL ADJUSTED to 3647.2

[+] IN SESSION: 13:00:00–18:00:00 BST

[*] Waiting until next 5-min candle close at 14:05:00 BST ...
[SKIP] Just-closed candle already fetched. Waiting to the next close for a brand-new timestamp...

[*] Waiting until 14:10:00 BST ...
