MT5 Path Exists? True

MT5 Account Connected! 
Account: 52498249 
Balance: 100376.97 USD

[INFO] XAUUSD Lot Range: min=0.01, max=100.0, step=0.01
[INFO] BTCUSD Lot Range: min=0.01, max=10.0, step=0.01
[INFO] STOXX50 Lot Range: min=0.1, max=250.0, step=0.1
[INFO] USDJPY Lot Range: min=0.01, max=200.0, step=0.01
[INFO] DE40 Lot Range: min=0.1, max=250.0, step=0.1
[RISK] XAU-H1: lot=0.1 | SL=40 | TP=40 -> est ≈ 400.00 USD
[RISK] BTC-H1: lot=0.1 | SL=4000 | TP=4000 -> est ≈ 400.00 USD
[RISK] EU50-H1: lot=6.8 | SL=50 | TP=50 -> est ≈ 399.53 USD
[RISK] USDJPY-H1: lot=0.29 | SL=2 | TP=2 -> est ≈ 395.77 USD
[RISK] DE40-H1: lot=1.4 | SL=250 | TP=250 -> est ≈ 411.29 USD
[RISK] XAU-M15: lot=0.2 | SL=20 | TP=20 -> est ≈ 400.00 USD
[RISK] BTC-M15: lot=0.2 | SL=2000 | TP=2000 -> est ≈ 400.00 USD

[Engine] Multi-timeframe mode: watching for new H1 and M15 candles...

[OK] XAU-H1: new H1 candle @ 2025-09-09 11:00

===== RAW OANDA CANDLESTICK (XAU-H1, H1) — last 20 =====
                      open      high       low     close  volume
time                                                            
2025-09-08 15:00  3633.320  3641.080  3628.895  3640.860   52955
2025-09-08 16:00  3640.845  3646.545  3633.265  3639.355   42269
2025-09-08 17:00  3639.375  3641.735  3635.900  3640.765   23804
2025-09-08 18:00  3640.740  3641.250  3632.675  3633.585   25447
2025-09-08 19:00  3633.615  3636.745  3631.935  3636.085   19283
2025-09-08 20:00  3636.050  3637.690  3632.670  3636.615   20037
2025-09-08 21:00  3636.595  3638.020  3634.565  3635.850    6477
2025-09-08 23:00  3636.150  3636.850  3628.830  3629.475    5128
2025-09-09 00:00  3629.730  3636.330  3628.480  3635.050    6674
2025-09-09 01:00  3635.040  3641.015  3633.630  3638.615   17023
2025-09-09 02:00  3638.605  3647.720  3636.160  3646.460   25759
2025-09-09 03:00  3646.590  3654.605  3644.925  3647.540   30210
2025-09-09 04:00  3647.620  3652.080  3642.655  3646.125   23683
2025-09-09 05:00  3646.140  3657.295  3645.935  3654.995   13688
2025-09-09 06:00  3654.985  3659.435  3652.755  3655.265   21300
2025-09-09 07:00  3655.340  3656.385  3636.620  3647.690   39098
2025-09-09 08:00  3647.722  3651.095  3641.615  3644.340   23963
2025-09-09 09:00  3644.325  3651.215  3641.855  3648.100   27406
2025-09-09 10:00  3648.120  3656.800  3647.810  3653.755   14947
2025-09-09 11:00  3653.740  3655.940  3648.835  3652.055   13620

===== HEIKIN-ASHI + SIGNALS (XAU-H1, H1) — last 20 =====
                        ha_c      ha_open      ha_high       ha_low  dir signal
time                                                                           
2025-09-08 15:00  3636.03875  3623.419372  3641.080000  3623.419372    1       
2025-09-08 16:00  3640.00250  3629.729061  3646.545000  3629.729061    1       
2025-09-08 17:00  3639.44375  3634.865780  3641.735000  3634.865780    1       
2025-09-08 18:00  3637.06250  3637.154765  3641.250000  3632.675000    1       
2025-09-08 19:00  3634.59500  3637.108633  3637.108633  3631.935000    1       
2025-09-08 20:00  3635.75625  3635.851816  3637.690000  3632.670000    1       
2025-09-08 21:00  3636.25750  3635.804033  3638.020000  3634.565000    1       
2025-09-08 23:00  3632.82625  3636.030767  3636.850000  3628.830000    1       
2025-09-09 00:00  3632.39750  3634.428508  3636.330000  3628.480000    1       
2025-09-09 01:00  3637.07500  3633.413004  3641.015000  3633.413004    1       
2025-09-09 02:00  3642.23625  3635.244002  3647.720000  3635.244002    1       
2025-09-09 03:00  3648.41500  3638.740126  3654.605000  3638.740126    1       
2025-09-09 04:00  3647.12000  3643.577563  3652.080000  3642.655000    1       
2025-09-09 05:00  3651.09125  3645.348782  3657.295000  3645.348782    1       
2025-09-09 06:00  3655.61000  3648.220016  3659.435000  3648.220016    1       
2025-09-09 07:00  3649.00875  3651.915008  3656.385000  3636.620000    1       
2025-09-09 08:00  3646.19300  3650.461879  3651.095000  3641.615000    1       
2025-09-09 09:00  3646.37375  3648.327439  3651.215000  3641.855000    1       
2025-09-09 10:00  3651.62125  3647.350595  3656.800000  3647.350595    1       
2025-09-09 11:00  3652.64250  3649.485922  3655.940000  3648.835000    1       

[INFO] XAU-H1: no actionable signal.
[OK] BTC-H1: new H1 candle @ 2025-09-09 11:00

===== RAW OANDA CANDLESTICK (BTC-H1, H1) — last 20 =====
                      open      high       low     close  volume
time                                                            
2025-09-08 16:00  112670.6  112962.8  112540.6  112654.8    4100
2025-09-08 17:00  112647.8  112706.6  112308.8  112417.8    3819
2025-09-08 18:00  112414.3  112576.5  112099.4  112237.6    2936
2025-09-08 19:00  112231.8  112557.1  112204.3  112505.8    2474
2025-09-08 20:00  112505.6  112505.6  111995.8  112075.3    2755
2025-09-08 21:00  112141.6  112182.8  111913.3  111991.6    2264
2025-09-08 22:00  111959.5  112368.3  111899.8  112368.3    1144
2025-09-08 23:00  112369.8  112543.4  112225.4  112273.8    2263
2025-09-09 00:00  112291.6  112333.3  111999.9  112089.8    1649
2025-09-09 01:00  112088.3  112132.8  111471.5  111673.5    3192
2025-09-09 02:00  111670.5  111777.3  111288.9  111389.8    3288
2025-09-09 03:00  111388.6  111474.9  111129.8  111353.5    3671
2025-09-09 04:00  111353.8  111780.3  111251.5  111721.1    3162
2025-09-09 05:00  111724.6  112123.5  111638.2  112043.0    3469
2025-09-09 06:00  112042.4  112270.0  111866.6  112218.8    2569
2025-09-09 07:00  112219.6  113182.4  112174.6  113046.0    4025
2025-09-09 08:00  113032.8  113314.6  112770.6  113020.1    3967
2025-09-09 09:00  113020.1  113201.2  112912.2  113014.3    3303
2025-09-09 10:00  113014.8  113088.6  112919.8  112986.0    1900
2025-09-09 11:00  112987.3  113068.3  112658.6  112756.4    2692

===== HEIKIN-ASHI + SIGNALS (BTC-H1, H1) — last 20 =====
                        ha_c        ha_open  ...  dir  signal
time                                         ...             
2025-09-08 16:00  112707.200  112166.065929  ...    1        
2025-09-08 17:00  112520.250  112436.632964  ...    1        
2025-09-08 18:00  112331.950  112478.441482  ...    1        
2025-09-08 19:00  112374.750  112405.195741  ...    1        
2025-09-08 20:00  112270.575  112389.972871  ...    1        
2025-09-08 21:00  112057.325  112330.273935  ...    1        
2025-09-08 22:00  112148.975  112193.799468  ...    1        
2025-09-08 23:00  112353.100  112171.387234  ...    1        
2025-09-09 00:00  112178.650  112262.243617  ...    1        
2025-09-09 01:00  111841.525  112220.446808  ...   -1    SELL
2025-09-09 02:00  111531.625  112030.985904  ...   -1        
2025-09-09 03:00  111336.700  111781.305452  ...   -1        
2025-09-09 04:00  111526.675  111559.002726  ...   -1        
2025-09-09 05:00  111882.325  111542.838863  ...   -1        
2025-09-09 06:00  112099.450  111712.581932  ...   -1        
2025-09-09 07:00  112655.650  111906.015966  ...    1     BUY
2025-09-09 08:00  113034.525  112280.832983  ...    1        
2025-09-09 09:00  113036.950  112657.678991  ...    1        
2025-09-09 10:00  113002.300  112847.314496  ...    1        
2025-09-09 11:00  112867.650  112924.807248  ...    1        

[20 rows x 6 columns]

[INFO] BTC-H1: no actionable signal.
[OK] EU50-H1: new H1 candle @ 2025-09-09 11:00

===== RAW OANDA CANDLESTICK (EU50-H1, H1) — last 20 =====
                    open    high     low   close  volume
time                                                    
2025-09-08 12:00  5346.2  5347.2  5338.2  5340.2     208
2025-09-08 13:00  5339.2  5345.2  5332.2  5341.2     247
2025-09-08 14:00  5340.2  5354.2  5340.2  5349.2     445
2025-09-08 15:00  5348.2  5355.3  5344.2  5353.3     479
2025-09-08 16:00  5354.3  5370.3  5353.3  5361.3     199
2025-09-08 17:00  5359.3  5360.3  5354.3  5358.3      84
2025-09-08 18:00  5358.8  5358.8  5353.3  5354.3      30
2025-09-08 19:00  5354.8  5363.3  5353.8  5361.3      49
2025-09-08 20:00  5359.3  5362.8  5354.3  5362.3     117
2025-09-09 01:00  5361.3  5361.3  5358.3  5359.3      48
2025-09-09 02:00  5359.8  5362.3  5354.8  5357.3      35
2025-09-09 03:00  5358.8  5363.3  5358.8  5360.3      57
2025-09-09 04:00  5360.8  5361.3  5359.3  5361.3      15
2025-09-09 05:00  5361.8  5361.8  5358.3  5358.3      25
2025-09-09 06:00  5356.3  5357.3  5345.3  5352.3     109
2025-09-09 07:00  5351.8  5371.3  5350.3  5368.3     205
2025-09-09 08:00  5370.3  5388.3  5368.3  5375.3     739
2025-09-09 09:00  5376.3  5378.3  5351.3  5354.3     690
2025-09-09 10:00  5353.3  5364.3  5349.3  5363.3     370
2025-09-09 11:00  5364.3  5375.3  5363.3  5368.3     235

===== HEIKIN-ASHI + SIGNALS (EU50-H1, H1) — last 20 =====
                      ha_c      ha_open      ha_high       ha_low  dir signal
time                                                                         
2025-09-08 12:00  5342.950  5344.825204  5347.200000  5338.200000    1       
2025-09-08 13:00  5339.450  5343.887602  5345.200000  5332.200000    1       
2025-09-08 14:00  5345.950  5341.668801  5354.200000  5340.200000    1       
2025-09-08 15:00  5350.250  5343.809400  5355.300000  5343.809400    1       
2025-09-08 16:00  5359.800  5347.029700  5370.300000  5347.029700    1       
2025-09-08 17:00  5358.050  5353.414850  5360.300000  5353.414850    1       
2025-09-08 18:00  5356.300  5355.732425  5358.800000  5353.300000    1       
2025-09-08 19:00  5358.300  5356.016213  5363.300000  5353.800000    1       
2025-09-08 20:00  5359.675  5357.158106  5362.800000  5354.300000    1       
2025-09-09 01:00  5360.050  5358.416553  5361.300000  5358.300000    1       
2025-09-09 02:00  5358.550  5359.233277  5362.300000  5354.800000    1       
2025-09-09 03:00  5360.300  5358.891638  5363.300000  5358.800000    1       
2025-09-09 04:00  5360.675  5359.595819  5361.300000  5359.300000    1       
2025-09-09 05:00  5360.050  5360.135410  5361.800000  5358.300000    1       
2025-09-09 06:00  5352.800  5360.092705  5360.092705  5345.300000   -1   SELL
2025-09-09 07:00  5360.425  5356.446352  5371.300000  5350.300000   -1       
2025-09-09 08:00  5375.550  5358.435676  5388.300000  5358.435676    1    BUY
2025-09-09 09:00  5365.050  5366.992838  5378.300000  5351.300000    1       
2025-09-09 10:00  5357.550  5366.021419  5366.021419  5349.300000    1       
2025-09-09 11:00  5367.800  5361.785710  5375.300000  5361.785710    1       

[INFO] EU50-H1: no actionable signal.
[OK] USDJPY-H1: new H1 candle @ 2025-09-09 11:00

===== RAW OANDA CANDLESTICK (USDJPY-H1, H1) — last 20 =====
                     open     high      low    close  volume
time                                                        
2025-09-08 16:00  147.750  147.768  147.547  147.592   11340
2025-09-08 17:00  147.592  147.779  147.554  147.690    8895
2025-09-08 18:00  147.690  147.768  147.673  147.730    7577
2025-09-08 19:00  147.731  147.731  147.446  147.462    6832
2025-09-08 20:00  147.461  147.476  147.342  147.421    5914
2025-09-08 21:00  147.422  147.543  147.381  147.530    4197
2025-09-08 22:00  147.503  147.573  147.492  147.530    1040
2025-09-08 23:00  147.532  147.532  147.391  147.416    2258
2025-09-09 00:00  147.411  147.426  147.214  147.376    5391
2025-09-09 01:00  147.377  147.434  147.154  147.346   12109
2025-09-09 02:00  147.347  147.401  147.200  147.239    9952
2025-09-09 03:00  147.240  147.343  147.212  147.334    6855
2025-09-09 04:00  147.334  147.404  147.323  147.366    5142
2025-09-09 05:00  147.366  147.378  147.094  147.128    6699
2025-09-09 06:00  147.129  147.134  146.848  146.858    7973
2025-09-09 07:00  146.855  147.135  146.817  147.052   11176
2025-09-09 08:00  147.050  147.316  146.998  147.206    9781
2025-09-09 09:00  147.206  147.337  146.559  146.626   21868
2025-09-09 10:00  146.625  146.625  146.307  146.348   12395
2025-09-09 11:00  146.346  146.520  146.327  146.472    7107

===== HEIKIN-ASHI + SIGNALS (USDJPY-H1, H1) — last 20 =====
                       ha_c     ha_open     ha_high      ha_low  dir signal
time                                                                       
2025-09-08 16:00  147.66425  147.721846  147.768000  147.547000   -1       
2025-09-08 17:00  147.65375  147.693048  147.779000  147.554000   -1       
2025-09-08 18:00  147.71525  147.673399  147.768000  147.673000   -1       
2025-09-08 19:00  147.59250  147.694325  147.731000  147.446000   -1       
2025-09-08 20:00  147.42500  147.643412  147.643412  147.342000   -1       
2025-09-08 21:00  147.46900  147.534206  147.543000  147.381000   -1       
2025-09-08 22:00  147.52450  147.501603  147.573000  147.492000   -1       
2025-09-08 23:00  147.46775  147.513052  147.532000  147.391000   -1       
2025-09-09 00:00  147.35675  147.490401  147.490401  147.214000   -1       
2025-09-09 01:00  147.32775  147.423575  147.434000  147.154000   -1       
2025-09-09 02:00  147.29675  147.375663  147.401000  147.200000   -1       
2025-09-09 03:00  147.28225  147.336206  147.343000  147.212000   -1       
2025-09-09 04:00  147.35675  147.309228  147.404000  147.309228   -1       
2025-09-09 05:00  147.24150  147.332989  147.378000  147.094000   -1       
2025-09-09 06:00  146.99225  147.287245  147.287245  146.848000   -1       
2025-09-09 07:00  146.96475  147.139747  147.139747  146.817000   -1       
2025-09-09 08:00  147.14250  147.052249  147.316000  146.998000   -1       
2025-09-09 09:00  146.93200  147.097374  147.337000  146.559000   -1       
2025-09-09 10:00  146.47625  147.014687  147.014687  146.307000   -1       
2025-09-09 11:00  146.41625  146.745469  146.745469  146.327000   -1       

[INFO] USDJPY-H1: no actionable signal.
[OK] DE40-H1: new H1 candle @ 2025-09-09 11:00

===== RAW OANDA CANDLESTICK (DE40-H1, H1) — last 20 =====
                     open     high      low    close  volume
time                                                        
2025-09-08 12:00  23739.5  23740.5  23689.5  23690.0    2712
2025-09-08 13:00  23690.5  23706.5  23653.0  23688.0    3529
2025-09-08 14:00  23686.0  23760.0  23684.5  23741.0    5800
2025-09-08 15:00  23740.5  23781.0  23723.0  23774.0    5126
2025-09-08 16:00  23774.5  23838.0  23772.0  23809.0    3725
2025-09-08 17:00  23808.6  23808.6  23774.6  23794.6    2913
2025-09-08 18:00  23795.0  23797.0  23767.0  23770.6    2310
2025-09-08 19:00  23771.0  23803.0  23764.6  23795.6    2000
2025-09-08 20:00  23795.0  23803.6  23771.6  23802.6    2275
2025-09-09 01:00  23796.6  23796.6  23772.6  23780.0     415
2025-09-09 02:00  23778.5  23789.6  23752.0  23762.0     262
2025-09-09 03:00  23762.6  23789.6  23762.6  23772.6     172
2025-09-09 04:00  23771.0  23787.0  23768.6  23783.0     280
2025-09-09 05:00  23784.5  23790.0  23770.5  23770.5     191
2025-09-09 06:00  23768.0  23773.0  23706.6  23744.6     608
2025-09-09 07:00  23745.0  23819.6  23737.6  23812.6    1234
2025-09-09 08:00  23814.0  23865.0  23771.5  23788.0    4843
2025-09-09 09:00  23788.5  23792.0  23666.5  23679.5    4160
2025-09-09 10:00  23680.0  23728.0  23650.5  23723.0    2994
2025-09-09 11:00  23724.0  23760.0  23715.5  23723.0    2025

===== HEIKIN-ASHI + SIGNALS (DE40-H1, H1) — last 20 =====
                       ha_c       ha_open  ...  dir  signal
time                                       ...             
2025-09-08 12:00  23714.875  23752.222203  ...    1        
2025-09-08 13:00  23684.500  23733.548601  ...   -1    SELL
2025-09-08 14:00  23717.875  23709.024301  ...   -1        
2025-09-08 15:00  23754.625  23713.449650  ...   -1        
2025-09-08 16:00  23798.375  23734.037325  ...   -1        
2025-09-08 17:00  23796.600  23766.206163  ...   -1        
2025-09-08 18:00  23782.400  23781.403081  ...   -1        
2025-09-08 19:00  23783.550  23781.901541  ...   -1        
2025-09-08 20:00  23793.200  23782.725770  ...   -1        
2025-09-09 01:00  23786.450  23787.962885  ...   -1        
2025-09-09 02:00  23770.525  23787.206443  ...   -1        
2025-09-09 03:00  23771.850  23778.865721  ...   -1        
2025-09-09 04:00  23777.400  23775.357861  ...   -1        
2025-09-09 05:00  23778.875  23776.378930  ...   -1        
2025-09-09 06:00  23748.050  23777.626965  ...   -1        
2025-09-09 07:00  23778.700  23762.838483  ...   -1        
2025-09-09 08:00  23809.625  23770.769241  ...    1     BUY
2025-09-09 09:00  23731.625  23790.197121  ...    1        
2025-09-09 10:00  23695.375  23760.911060  ...    1        
2025-09-09 11:00  23730.625  23728.143030  ...    1        

[20 rows x 6 columns]

[INFO] DE40-H1: no actionable signal.
[OK] XAU-M15: new M15 candle @ 2025-09-09 12:00

===== RAW OANDA CANDLESTICK (XAU-M15, M15) — last 20 =====
                      open      high       low     close  volume
time                                                            
2025-09-09 07:15  3643.695  3646.750  3636.620  3638.745   10962
2025-09-09 07:30  3638.730  3650.085  3637.705  3649.875    7107
2025-09-09 07:45  3649.900  3650.105  3644.290  3647.690    5940
2025-09-09 08:00  3647.722  3648.625  3645.140  3647.110    6354
2025-09-09 08:15  3647.120  3651.095  3644.075  3650.645    6018
2025-09-09 08:30  3650.640  3650.890  3645.075  3645.185    5771
2025-09-09 08:45  3645.190  3645.590  3641.615  3644.340    5820
2025-09-09 09:00  3644.325  3646.275  3641.855  3642.720    6461
2025-09-09 09:15  3642.715  3646.855  3642.225  3645.555    9899
2025-09-09 09:30  3645.560  3650.810  3643.650  3650.530    5548
2025-09-09 09:45  3650.535  3651.215  3646.355  3648.100    5498
2025-09-09 10:00  3648.120  3655.745  3647.810  3655.655    4247
2025-09-09 10:15  3655.630  3656.800  3653.295  3653.755    4368
2025-09-09 10:30  3653.860  3654.980  3651.590  3654.220    3430
2025-09-09 10:45  3654.195  3654.775  3652.220  3653.755    2902
2025-09-09 11:00  3653.740  3655.940  3652.090  3653.520    4297
2025-09-09 11:15  3653.575  3654.265  3652.605  3653.285    2586
2025-09-09 11:30  3653.290  3653.820  3649.535  3650.205    2517
2025-09-09 11:45  3650.300  3652.760  3648.835  3652.055    4220
2025-09-09 12:00  3652.090  3654.295  3651.740  3653.040    3552

===== HEIKIN-ASHI + SIGNALS (XAU-M15, M15) — last 20 =====
                        ha_c      ha_open      ha_high       ha_low  dir signal
time                                                                           
2025-09-09 07:15  3641.45250  3652.165224  3652.165224  3636.620000   -1       
2025-09-09 07:30  3644.09875  3646.808862  3650.085000  3637.705000   -1       
2025-09-09 07:45  3647.99625  3645.453806  3650.105000  3644.290000   -1       
2025-09-09 08:00  3647.14925  3646.725028  3648.625000  3645.140000   -1       
2025-09-09 08:15  3648.23375  3646.937139  3651.095000  3644.075000   -1       
2025-09-09 08:30  3647.94750  3647.585445  3650.890000  3645.075000   -1       
2025-09-09 08:45  3644.18375  3647.766472  3647.766472  3641.615000   -1       
2025-09-09 09:00  3643.79375  3645.975111  3646.275000  3641.855000   -1       
2025-09-09 09:15  3644.33750  3644.884431  3646.855000  3642.225000   -1       
2025-09-09 09:30  3647.63750  3644.610965  3650.810000  3643.650000   -1       
2025-09-09 09:45  3649.05125  3646.124233  3651.215000  3646.124233   -1       
2025-09-09 10:00  3651.83250  3647.587741  3655.745000  3647.587741    1    BUY
2025-09-09 10:15  3654.87000  3649.710121  3656.800000  3649.710121    1       
2025-09-09 10:30  3653.66250  3652.290060  3654.980000  3651.590000    1       
2025-09-09 10:45  3653.73625  3652.976280  3654.775000  3652.220000    1       
2025-09-09 11:00  3653.82250  3653.356265  3655.940000  3652.090000    1       
2025-09-09 11:15  3653.43250  3653.589383  3654.265000  3652.605000    1       
2025-09-09 11:30  3651.71250  3653.510941  3653.820000  3649.535000    1       
2025-09-09 11:45  3650.98750  3652.611721  3652.760000  3648.835000   -1   SELL
2025-09-09 12:00  3652.79125  3651.799610  3654.295000  3651.740000   -1       

[INFO] XAU-M15: no actionable signal.
[OK] BTC-M15: new M15 candle @ 2025-09-09 12:00

===== RAW OANDA CANDLESTICK (BTC-M15, M15) — last 20 =====
                      open      high       low     close  volume
time                                                            
2025-09-09 07:15  112703.6  112837.1  112511.6  112639.5     992
2025-09-09 07:30  112643.8  112922.8  112643.8  112845.6    1010
2025-09-09 07:45  112843.4  113182.4  112833.6  113046.0    1085
2025-09-09 08:00  113032.8  113188.8  112974.8  113029.6    1125
2025-09-09 08:15  113032.1  113271.1  113031.6  113245.6    1002
2025-09-09 08:30  113245.6  113314.6  112925.4  112928.4     923
2025-09-09 08:45  112908.6  113098.8  112770.6  113020.1     917
2025-09-09 09:00  113020.1  113133.3  112972.6  113039.9     929
2025-09-09 09:15  113038.2  113110.5  112912.2  113097.0     929
2025-09-09 09:30  113102.0  113201.2  113026.8  113051.6     694
2025-09-09 09:45  113051.9  113062.6  112917.0  113014.3     751
2025-09-09 10:00  113014.8  113030.6  112933.6  112956.8     534
2025-09-09 10:15  112958.3  113088.6  112953.6  113027.0     580
2025-09-09 10:30  113019.5  113028.5  112932.6  112949.8     359
2025-09-09 10:45  112949.8  113021.6  112919.8  112986.0     427
2025-09-09 11:00  112987.3  113068.3  112964.0  113006.3     556
2025-09-09 11:15  113006.6  113038.9  112664.5  112721.8     624
2025-09-09 11:30  112720.0  112948.8  112668.5  112851.1     887
2025-09-09 11:45  112850.6  112850.6  112658.6  112756.4     625
2025-09-09 12:00  112760.9  112843.5  112732.5  112783.0     599

===== HEIKIN-ASHI + SIGNALS (BTC-M15, M15) — last 20 =====
                        ha_c        ha_open  ...  dir  signal
time                                         ...             
2025-09-09 07:15  112672.950  112261.955196  ...    1        
2025-09-09 07:30  112764.000  112467.452598  ...    1        
2025-09-09 07:45  112976.350  112615.726299  ...    1        
2025-09-09 08:00  113056.500  112796.038149  ...    1        
2025-09-09 08:15  113145.100  112926.269075  ...    1        
2025-09-09 08:30  113103.500  113035.684537  ...    1        
2025-09-09 08:45  112949.525  113069.592269  ...    1        
2025-09-09 09:00  113041.475  113009.558634  ...    1        
2025-09-09 09:15  113039.475  113025.516817  ...    1        
2025-09-09 09:30  113095.400  113032.495909  ...    1        
2025-09-09 09:45  113011.450  113063.947954  ...    1        
2025-09-09 10:00  112983.950  113037.698977  ...    1        
2025-09-09 10:15  113006.875  113010.824489  ...    1        
2025-09-09 10:30  112982.600  113008.849744  ...    1        
2025-09-09 10:45  112969.300  112995.724872  ...    1        
2025-09-09 11:00  113006.475  112982.512436  ...    1        
2025-09-09 11:15  112857.950  112994.493718  ...   -1    SELL
2025-09-09 11:30  112797.100  112926.221859  ...   -1        
2025-09-09 11:45  112779.050  112861.660930  ...   -1        
2025-09-09 12:00  112779.975  112820.355465  ...   -1        

[20 rows x 6 columns]

[INFO] BTC-M15: no actionable signal.
[OK] XAU-M15: new M15 candle @ 2025-09-09 12:15

===== RAW OANDA CANDLESTICK (XAU-M15, M15) — last 20 =====
                      open      high       low     close  volume
time                                                            
2025-09-09 07:30  3638.730  3650.085  3637.705  3649.875    7107
2025-09-09 07:45  3649.900  3650.105  3644.290  3647.690    5940
2025-09-09 08:00  3647.722  3648.625  3645.140  3647.110    6354
2025-09-09 08:15  3647.120  3651.095  3644.075  3650.645    6018
2025-09-09 08:30  3650.640  3650.890  3645.075  3645.185    5771
2025-09-09 08:45  3645.190  3645.590  3641.615  3644.340    5820
2025-09-09 09:00  3644.325  3646.275  3641.855  3642.720    6461
2025-09-09 09:15  3642.715  3646.855  3642.225  3645.555    9899
2025-09-09 09:30  3645.560  3650.810  3643.650  3650.530    5548
2025-09-09 09:45  3650.535  3651.215  3646.355  3648.100    5498
2025-09-09 10:00  3648.120  3655.745  3647.810  3655.655    4247
2025-09-09 10:15  3655.630  3656.800  3653.295  3653.755    4368
2025-09-09 10:30  3653.860  3654.980  3651.590  3654.220    3430
2025-09-09 10:45  3654.195  3654.775  3652.220  3653.755    2902
2025-09-09 11:00  3653.740  3655.940  3652.090  3653.520    4297
2025-09-09 11:15  3653.575  3654.265  3652.605  3653.285    2586
2025-09-09 11:30  3653.290  3653.820  3649.535  3650.205    2517
2025-09-09 11:45  3650.300  3652.760  3648.835  3652.055    4220
2025-09-09 12:00  3652.090  3654.295  3651.740  3653.040    3552
2025-09-09 12:15  3653.025  3654.295  3651.400  3652.820    3506

===== HEIKIN-ASHI + SIGNALS (XAU-M15, M15) — last 20 =====
                        ha_c      ha_open      ha_high       ha_low  dir signal
time                                                                           
2025-09-09 07:30  3644.09875  3646.808862  3650.085000  3637.705000   -1       
2025-09-09 07:45  3647.99625  3645.453806  3650.105000  3644.290000   -1       
2025-09-09 08:00  3647.14925  3646.725028  3648.625000  3645.140000   -1       
2025-09-09 08:15  3648.23375  3646.937139  3651.095000  3644.075000   -1       
2025-09-09 08:30  3647.94750  3647.585445  3650.890000  3645.075000   -1       
2025-09-09 08:45  3644.18375  3647.766472  3647.766472  3641.615000   -1       
2025-09-09 09:00  3643.79375  3645.975111  3646.275000  3641.855000   -1       
2025-09-09 09:15  3644.33750  3644.884431  3646.855000  3642.225000   -1       
2025-09-09 09:30  3647.63750  3644.610965  3650.810000  3643.650000   -1       
2025-09-09 09:45  3649.05125  3646.124233  3651.215000  3646.124233   -1       
2025-09-09 10:00  3651.83250  3647.587741  3655.745000  3647.587741    1    BUY
2025-09-09 10:15  3654.87000  3649.710121  3656.800000  3649.710121    1       
2025-09-09 10:30  3653.66250  3652.290060  3654.980000  3651.590000    1       
2025-09-09 10:45  3653.73625  3652.976280  3654.775000  3652.220000    1       
2025-09-09 11:00  3653.82250  3653.356265  3655.940000  3652.090000    1       
2025-09-09 11:15  3653.43250  3653.589383  3654.265000  3652.605000    1       
2025-09-09 11:30  3651.71250  3653.510941  3653.820000  3649.535000    1       
2025-09-09 11:45  3650.98750  3652.611721  3652.760000  3648.835000   -1   SELL
2025-09-09 12:00  3652.79125  3651.799610  3654.295000  3651.740000   -1       
2025-09-09 12:15  3652.88500  3652.295430  3654.295000  3651.400000   -1       

[INFO] XAU-M15: no actionable signal.
[OK] BTC-M15: new M15 candle @ 2025-09-09 12:15

===== RAW OANDA CANDLESTICK (BTC-M15, M15) — last 20 =====
                      open      high       low     close  volume
time                                                            
2025-09-09 07:30  112643.8  112922.8  112643.8  112845.6    1010
2025-09-09 07:45  112843.4  113182.4  112833.6  113046.0    1085
2025-09-09 08:00  113032.8  113188.8  112974.8  113029.6    1125
2025-09-09 08:15  113032.1  113271.1  113031.6  113245.6    1002
2025-09-09 08:30  113245.6  113314.6  112925.4  112928.4     923
2025-09-09 08:45  112908.6  113098.8  112770.6  113020.1     917
2025-09-09 09:00  113020.1  113133.3  112972.6  113039.9     929
2025-09-09 09:15  113038.2  113110.5  112912.2  113097.0     929
2025-09-09 09:30  113102.0  113201.2  113026.8  113051.6     694
2025-09-09 09:45  113051.9  113062.6  112917.0  113014.3     751
2025-09-09 10:00  113014.8  113030.6  112933.6  112956.8     534
2025-09-09 10:15  112958.3  113088.6  112953.6  113027.0     580
2025-09-09 10:30  113019.5  113028.5  112932.6  112949.8     359
2025-09-09 10:45  112949.8  113021.6  112919.8  112986.0     427
2025-09-09 11:00  112987.3  113068.3  112964.0  113006.3     556
2025-09-09 11:15  113006.6  113038.9  112664.5  112721.8     624
2025-09-09 11:30  112720.0  112948.8  112668.5  112851.1     887
2025-09-09 11:45  112850.6  112850.6  112658.6  112756.4     625
2025-09-09 12:00  112760.9  112843.5  112732.5  112783.0     599
2025-09-09 12:15  112783.8  112783.8  112666.8  112718.1     656

===== HEIKIN-ASHI + SIGNALS (BTC-M15, M15) — last 20 =====
                        ha_c        ha_open  ...  dir  signal
time                                         ...             
2025-09-09 07:30  112764.000  112467.452598  ...    1        
2025-09-09 07:45  112976.350  112615.726299  ...    1        
2025-09-09 08:00  113056.500  112796.038149  ...    1        
2025-09-09 08:15  113145.100  112926.269075  ...    1        
2025-09-09 08:30  113103.500  113035.684537  ...    1        
2025-09-09 08:45  112949.525  113069.592269  ...    1        
2025-09-09 09:00  113041.475  113009.558634  ...    1        
2025-09-09 09:15  113039.475  113025.516817  ...    1        
2025-09-09 09:30  113095.400  113032.495909  ...    1        
2025-09-09 09:45  113011.450  113063.947954  ...    1        
2025-09-09 10:00  112983.950  113037.698977  ...    1        
2025-09-09 10:15  113006.875  113010.824489  ...    1        
2025-09-09 10:30  112982.600  113008.849744  ...    1        
2025-09-09 10:45  112969.300  112995.724872  ...    1        
2025-09-09 11:00  113006.475  112982.512436  ...    1        
2025-09-09 11:15  112857.950  112994.493718  ...   -1    SELL
2025-09-09 11:30  112797.100  112926.221859  ...   -1        
2025-09-09 11:45  112779.050  112861.660930  ...   -1        
2025-09-09 12:00  112779.975  112820.355465  ...   -1        
2025-09-09 12:15  112738.125  112800.165232  ...   -1        

[20 rows x 6 columns]

[INFO] BTC-M15: no actionable signal.
